ARM GAS  C:\Users\Mariano\AppData\Local\Temp\cctR8DLM.s 			page 1


   1              		.cpu cortex-m0
   2              		.fpu softvfp
   3              		.eabi_attribute 20, 1	@ Tag_ABI_FP_denormal
   4              		.eabi_attribute 21, 1	@ Tag_ABI_FP_exceptions
   5              		.eabi_attribute 23, 3	@ Tag_ABI_FP_number_model
   6              		.eabi_attribute 24, 1	@ Tag_ABI_align8_needed
   7              		.eabi_attribute 25, 1	@ Tag_ABI_align8_preserved
   8              		.eabi_attribute 26, 1	@ Tag_ABI_enum_size
   9              		.eabi_attribute 30, 6	@ Tag_ABI_optimization_goals
  10              		.eabi_attribute 34, 0	@ Tag_CPU_unaligned_access
  11              		.eabi_attribute 18, 4	@ Tag_ABI_PCS_wchar_t
  12              		.file	"syscalls.c"
  13              	@ GNU C (GNU Tools for ARM Embedded Processors) version 4.7.4 20130613 (release) [ARM/embedded-4_7-
  14              	@	compiled by GNU C version 4.2.1-sjlj (mingw32-2), GMP version 4.3.2, MPFR version 2.4.2, MPC vers
  15              	@ GGC heuristics: --param ggc-min-expand=100 --param ggc-min-heapsize=131072
  16              	@ options passed:  -I . -I .\src -I .\cmsis_boot -I .\cmsis_core
  17              	@ -I ..\STM32F0xx_StdPeriph_Lib_V1.3.1\Libraries\STM32F0xx_StdPeriph_Driver\inc
  18              	@ -I .\inc -I .\cmsis_boot -imultilib armv6-m
  19              	@ -iprefix c:\program files (x86)\gnu tools arm embedded\4.7 2013q2\bin\../lib/gcc/arm-none-eabi/4.
  20              	@ -isysroot c:\program files (x86)\gnu tools arm embedded\4.7 2013q2\bin\../arm-none-eabi
  21              	@ -MD .\cmsis_boot\syscalls\syscalls.d -MF .dep\syscalls.o.d -MP
  22              	@ -MQ .\cmsis_boot\syscalls\syscalls.o -D__USES_INITFINI__
  23              	@ -D RUN_FROM_FLASH=1 .\cmsis_boot\syscalls\syscalls.c -mcpu=cortex-m0
  24              	@ -mthumb -auxbase-strip .\cmsis_boot\syscalls\syscalls.o -g -gdwarf-2 -O0
  25              	@ -Wall -fomit-frame-pointer -fdata-sections -ffunction-sections
  26              	@ -fverbose-asm
  27              	@ options enabled:  -fauto-inc-dec -fbranch-count-reg -fcommon
  28              	@ -fdata-sections -fdebug-types-section -fdelete-null-pointer-checks
  29              	@ -fdwarf2-cfi-asm -fearly-inlining -feliminate-unused-debug-types
  30              	@ -ffunction-cse -ffunction-sections -fgcse-lm -fgnu-runtime -fident
  31              	@ -finline-atomics -fira-hoist-pressure -fira-share-save-slots
  32              	@ -fira-share-spill-slots -fivopts -fkeep-static-consts
  33              	@ -fleading-underscore -fmath-errno -fmerge-debug-strings
  34              	@ -fmove-loop-invariants -fomit-frame-pointer -fpeephole
  35              	@ -fprefetch-loop-arrays -freg-struct-return
  36              	@ -fsched-critical-path-heuristic -fsched-dep-count-heuristic
  37              	@ -fsched-group-heuristic -fsched-interblock -fsched-last-insn-heuristic
  38              	@ -fsched-rank-heuristic -fsched-spec -fsched-spec-insn-heuristic
  39              	@ -fsched-stalled-insns-dep -fshow-column -fsigned-zeros
  40              	@ -fsplit-ivs-in-unroller -fstrict-volatile-bitfields -ftrapping-math
  41              	@ -ftree-cselim -ftree-forwprop -ftree-loop-if-convert -ftree-loop-im
  42              	@ -ftree-loop-ivcanon -ftree-loop-optimize -ftree-parallelize-loops=
  43              	@ -ftree-phiprop -ftree-pta -ftree-reassoc -ftree-scev-cprop
  44              	@ -ftree-slp-vectorize -ftree-vect-loop-version -funit-at-a-time
  45              	@ -fverbose-asm -fzero-initialized-in-bss -mlittle-endian -msched-prolog
  46              	@ -mthumb -mvectorize-with-neon-quad
  47              	
  48              		.text
  49              	.Ltext0:
  50              		.cfi_sections	.debug_frame
  51              		.section	.text._sbrk,"ax",%progbits
  52              		.align	2
  53              		.global	_sbrk
  54              		.code	16
  55              		.thumb_func
  56              		.type	_sbrk, %function
  57              	_sbrk:
ARM GAS  C:\Users\Mariano\AppData\Local\Temp\cctR8DLM.s 			page 2


  58              	.LFB0:
  59              		.file 1 ".\\cmsis_boot\\syscalls\\syscalls.c"
   1:.\cmsis_boot\syscalls/syscalls.c **** /**************************************************************************//*****
   2:.\cmsis_boot\syscalls/syscalls.c ****  * @file     stdio.c
   3:.\cmsis_boot\syscalls/syscalls.c ****  * @brief    Implementation of newlib syscall
   4:.\cmsis_boot\syscalls/syscalls.c ****  ********************************************************************************/
   5:.\cmsis_boot\syscalls/syscalls.c **** 
   6:.\cmsis_boot\syscalls/syscalls.c **** #include <stdio.h>
   7:.\cmsis_boot\syscalls/syscalls.c **** #include <stdarg.h>
   8:.\cmsis_boot\syscalls/syscalls.c **** #include <sys/types.h>
   9:.\cmsis_boot\syscalls/syscalls.c **** #include <sys/stat.h>
  10:.\cmsis_boot\syscalls/syscalls.c **** 
  11:.\cmsis_boot\syscalls/syscalls.c **** #undef errno
  12:.\cmsis_boot\syscalls/syscalls.c **** extern int errno;
  13:.\cmsis_boot\syscalls/syscalls.c **** extern int  _end;
  14:.\cmsis_boot\syscalls/syscalls.c **** 
  15:.\cmsis_boot\syscalls/syscalls.c **** __attribute__ ((used))
  16:.\cmsis_boot\syscalls/syscalls.c **** caddr_t _sbrk ( int incr )
  17:.\cmsis_boot\syscalls/syscalls.c **** {
  60              		.loc 1 17 0
  61              		.cfi_startproc
  62 0000 84B0     		sub	sp, sp, #16	@,,
  63              	.LCFI0:
  64              		.cfi_def_cfa_offset 16
  65 0002 0190     		str	r0, [sp, #4]	@ incr, incr
  18:.\cmsis_boot\syscalls/syscalls.c ****   static unsigned char *heap = NULL;
  19:.\cmsis_boot\syscalls/syscalls.c ****   unsigned char *prev_heap;
  20:.\cmsis_boot\syscalls/syscalls.c **** 
  21:.\cmsis_boot\syscalls/syscalls.c ****   if (heap == NULL) {
  66              		.loc 1 21 0
  67 0004 094B     		ldr	r3, .L4	@ tmp140,
  68 0006 1B68     		ldr	r3, [r3]	@ heap.0, heap
  69 0008 002B     		cmp	r3, #0	@ heap.0,
  70 000a 02D1     		bne	.L2	@,
  22:.\cmsis_boot\syscalls/syscalls.c ****     heap = (unsigned char *)&_end;
  71              		.loc 1 22 0
  72 000c 074B     		ldr	r3, .L4	@ tmp141,
  73 000e 084A     		ldr	r2, .L4+4	@ tmp142,
  74 0010 1A60     		str	r2, [r3]	@ tmp142, heap
  75              	.L2:
  23:.\cmsis_boot\syscalls/syscalls.c ****   }
  24:.\cmsis_boot\syscalls/syscalls.c ****   prev_heap = heap;
  76              		.loc 1 24 0
  77 0012 064B     		ldr	r3, .L4	@ tmp143,
  78 0014 1B68     		ldr	r3, [r3]	@ tmp144, heap
  79 0016 0393     		str	r3, [sp, #12]	@ tmp144, prev_heap
  25:.\cmsis_boot\syscalls/syscalls.c **** 
  26:.\cmsis_boot\syscalls/syscalls.c ****   heap += incr;
  80              		.loc 1 26 0
  81 0018 044B     		ldr	r3, .L4	@ tmp145,
  82 001a 1A68     		ldr	r2, [r3]	@ heap.1, heap
  83 001c 019B     		ldr	r3, [sp, #4]	@ incr.2, incr
  84 001e D218     		add	r2, r2, r3	@ heap.3, heap.1, incr.2
  85 0020 024B     		ldr	r3, .L4	@ tmp146,
  86 0022 1A60     		str	r2, [r3]	@ heap.3, heap
  27:.\cmsis_boot\syscalls/syscalls.c **** 
  28:.\cmsis_boot\syscalls/syscalls.c ****   return (caddr_t) prev_heap;
ARM GAS  C:\Users\Mariano\AppData\Local\Temp\cctR8DLM.s 			page 3


  87              		.loc 1 28 0
  88 0024 039B     		ldr	r3, [sp, #12]	@ D.5119, prev_heap
  29:.\cmsis_boot\syscalls/syscalls.c **** }
  89              		.loc 1 29 0
  90 0026 181C     		mov	r0, r3	@, <retval>
  91 0028 04B0     		add	sp, sp, #16	@,,
  92              		@ sp needed for prologue	@
  93 002a 7047     		bx	lr
  94              	.L5:
  95              		.align	2
  96              	.L4:
  97 002c 00000000 		.word	heap.5061
  98 0030 00000000 		.word	_end
  99              		.cfi_endproc
 100              	.LFE0:
 101              		.size	_sbrk, .-_sbrk
 102              		.section	.text.link,"ax",%progbits
 103              		.align	2
 104              		.global	link
 105              		.code	16
 106              		.thumb_func
 107              		.type	link, %function
 108              	link:
 109              	.LFB1:
  30:.\cmsis_boot\syscalls/syscalls.c **** 
  31:.\cmsis_boot\syscalls/syscalls.c **** __attribute__ ((used))
  32:.\cmsis_boot\syscalls/syscalls.c **** int link(char *old, char *new) {
 110              		.loc 1 32 0
 111              		.cfi_startproc
 112 0000 82B0     		sub	sp, sp, #8	@,,
 113              	.LCFI1:
 114              		.cfi_def_cfa_offset 8
 115 0002 0190     		str	r0, [sp, #4]	@ old, old
 116 0004 0091     		str	r1, [sp]	@ new, new
  33:.\cmsis_boot\syscalls/syscalls.c **** return -1;
 117              		.loc 1 33 0
 118 0006 0123     		mov	r3, #1	@ tmp137,
 119 0008 5B42     		neg	r3, r3	@ D.5111, tmp137
  34:.\cmsis_boot\syscalls/syscalls.c **** }
 120              		.loc 1 34 0
 121 000a 181C     		mov	r0, r3	@, <retval>
 122 000c 02B0     		add	sp, sp, #8	@,,
 123              		@ sp needed for prologue	@
 124 000e 7047     		bx	lr
 125              		.cfi_endproc
 126              	.LFE1:
 127              		.size	link, .-link
 128              		.section	.text._close,"ax",%progbits
 129              		.align	2
 130              		.global	_close
 131              		.code	16
 132              		.thumb_func
 133              		.type	_close, %function
 134              	_close:
 135              	.LFB2:
  35:.\cmsis_boot\syscalls/syscalls.c **** 
  36:.\cmsis_boot\syscalls/syscalls.c **** __attribute__ ((used))
ARM GAS  C:\Users\Mariano\AppData\Local\Temp\cctR8DLM.s 			page 4


  37:.\cmsis_boot\syscalls/syscalls.c **** int _close(int file)
  38:.\cmsis_boot\syscalls/syscalls.c **** {
 136              		.loc 1 38 0
 137              		.cfi_startproc
 138 0000 82B0     		sub	sp, sp, #8	@,,
 139              	.LCFI2:
 140              		.cfi_def_cfa_offset 8
 141 0002 0190     		str	r0, [sp, #4]	@ file, file
  39:.\cmsis_boot\syscalls/syscalls.c ****   return -1;
 142              		.loc 1 39 0
 143 0004 0123     		mov	r3, #1	@ tmp137,
 144 0006 5B42     		neg	r3, r3	@ D.5109, tmp137
  40:.\cmsis_boot\syscalls/syscalls.c **** }
 145              		.loc 1 40 0
 146 0008 181C     		mov	r0, r3	@, <retval>
 147 000a 02B0     		add	sp, sp, #8	@,,
 148              		@ sp needed for prologue	@
 149 000c 7047     		bx	lr
 150              		.cfi_endproc
 151              	.LFE2:
 152              		.size	_close, .-_close
 153              		.section	.text._fstat,"ax",%progbits
 154              		.align	2
 155              		.global	_fstat
 156              		.code	16
 157              		.thumb_func
 158              		.type	_fstat, %function
 159              	_fstat:
 160              	.LFB3:
  41:.\cmsis_boot\syscalls/syscalls.c **** 
  42:.\cmsis_boot\syscalls/syscalls.c **** __attribute__ ((used))
  43:.\cmsis_boot\syscalls/syscalls.c **** int _fstat(int file, struct stat *st)
  44:.\cmsis_boot\syscalls/syscalls.c **** {
 161              		.loc 1 44 0
 162              		.cfi_startproc
 163 0000 82B0     		sub	sp, sp, #8	@,,
 164              	.LCFI3:
 165              		.cfi_def_cfa_offset 8
 166 0002 0190     		str	r0, [sp, #4]	@ file, file
 167 0004 0091     		str	r1, [sp]	@ st, st
  45:.\cmsis_boot\syscalls/syscalls.c ****   st->st_mode = S_IFCHR;
 168              		.loc 1 45 0
 169 0006 009B     		ldr	r3, [sp]	@ tmp136, st
 170 0008 8022     		mov	r2, #128	@ tmp139,
 171 000a 9201     		lsl	r2, r2, #6	@ tmp137, tmp139,
 172 000c 5A60     		str	r2, [r3, #4]	@ tmp137, st_1(D)->st_mode
  46:.\cmsis_boot\syscalls/syscalls.c ****   return 0;
 173              		.loc 1 46 0
 174 000e 0023     		mov	r3, #0	@ D.5107,
  47:.\cmsis_boot\syscalls/syscalls.c **** }
 175              		.loc 1 47 0
 176 0010 181C     		mov	r0, r3	@, <retval>
 177 0012 02B0     		add	sp, sp, #8	@,,
 178              		@ sp needed for prologue	@
 179 0014 7047     		bx	lr
 180              		.cfi_endproc
 181              	.LFE3:
ARM GAS  C:\Users\Mariano\AppData\Local\Temp\cctR8DLM.s 			page 5


 182              		.size	_fstat, .-_fstat
 183 0016 C046     		.section	.text._isatty,"ax",%progbits
 184              		.align	2
 185              		.global	_isatty
 186              		.code	16
 187              		.thumb_func
 188              		.type	_isatty, %function
 189              	_isatty:
 190              	.LFB4:
  48:.\cmsis_boot\syscalls/syscalls.c **** 
  49:.\cmsis_boot\syscalls/syscalls.c **** __attribute__ ((used))
  50:.\cmsis_boot\syscalls/syscalls.c **** int _isatty(int file)
  51:.\cmsis_boot\syscalls/syscalls.c **** {
 191              		.loc 1 51 0
 192              		.cfi_startproc
 193 0000 82B0     		sub	sp, sp, #8	@,,
 194              	.LCFI4:
 195              		.cfi_def_cfa_offset 8
 196 0002 0190     		str	r0, [sp, #4]	@ file, file
  52:.\cmsis_boot\syscalls/syscalls.c ****   return 1;
 197              		.loc 1 52 0
 198 0004 0123     		mov	r3, #1	@ D.5105,
  53:.\cmsis_boot\syscalls/syscalls.c **** }
 199              		.loc 1 53 0
 200 0006 181C     		mov	r0, r3	@, <retval>
 201 0008 02B0     		add	sp, sp, #8	@,,
 202              		@ sp needed for prologue	@
 203 000a 7047     		bx	lr
 204              		.cfi_endproc
 205              	.LFE4:
 206              		.size	_isatty, .-_isatty
 207              		.section	.text._lseek,"ax",%progbits
 208              		.align	2
 209              		.global	_lseek
 210              		.code	16
 211              		.thumb_func
 212              		.type	_lseek, %function
 213              	_lseek:
 214              	.LFB5:
  54:.\cmsis_boot\syscalls/syscalls.c **** 
  55:.\cmsis_boot\syscalls/syscalls.c **** __attribute__ ((used))
  56:.\cmsis_boot\syscalls/syscalls.c **** int _lseek(int file, int ptr, int dir)
  57:.\cmsis_boot\syscalls/syscalls.c **** {
 215              		.loc 1 57 0
 216              		.cfi_startproc
 217 0000 84B0     		sub	sp, sp, #16	@,,
 218              	.LCFI5:
 219              		.cfi_def_cfa_offset 16
 220 0002 0390     		str	r0, [sp, #12]	@ file, file
 221 0004 0291     		str	r1, [sp, #8]	@ ptr, ptr
 222 0006 0192     		str	r2, [sp, #4]	@ dir, dir
  58:.\cmsis_boot\syscalls/syscalls.c ****   return 0;
 223              		.loc 1 58 0
 224 0008 0023     		mov	r3, #0	@ D.5103,
  59:.\cmsis_boot\syscalls/syscalls.c **** }
 225              		.loc 1 59 0
 226 000a 181C     		mov	r0, r3	@, <retval>
ARM GAS  C:\Users\Mariano\AppData\Local\Temp\cctR8DLM.s 			page 6


 227 000c 04B0     		add	sp, sp, #16	@,,
 228              		@ sp needed for prologue	@
 229 000e 7047     		bx	lr
 230              		.cfi_endproc
 231              	.LFE5:
 232              		.size	_lseek, .-_lseek
 233              		.section	.text._read,"ax",%progbits
 234              		.align	2
 235              		.global	_read
 236              		.code	16
 237              		.thumb_func
 238              		.type	_read, %function
 239              	_read:
 240              	.LFB6:
  60:.\cmsis_boot\syscalls/syscalls.c **** __attribute__ ((used))
  61:.\cmsis_boot\syscalls/syscalls.c **** int _read(int file, char *ptr, int len)
  62:.\cmsis_boot\syscalls/syscalls.c **** {
 241              		.loc 1 62 0
 242              		.cfi_startproc
 243 0000 84B0     		sub	sp, sp, #16	@,,
 244              	.LCFI6:
 245              		.cfi_def_cfa_offset 16
 246 0002 0390     		str	r0, [sp, #12]	@ file, file
 247 0004 0291     		str	r1, [sp, #8]	@ ptr, ptr
 248 0006 0192     		str	r2, [sp, #4]	@ len, len
  63:.\cmsis_boot\syscalls/syscalls.c ****   return 0;
 249              		.loc 1 63 0
 250 0008 0023     		mov	r3, #0	@ D.5101,
  64:.\cmsis_boot\syscalls/syscalls.c **** }
 251              		.loc 1 64 0
 252 000a 181C     		mov	r0, r3	@, <retval>
 253 000c 04B0     		add	sp, sp, #16	@,,
 254              		@ sp needed for prologue	@
 255 000e 7047     		bx	lr
 256              		.cfi_endproc
 257              	.LFE6:
 258              		.size	_read, .-_read
 259              		.section	.text._write,"ax",%progbits
 260              		.align	2
 261              		.global	_write
 262              		.code	16
 263              		.thumb_func
 264              		.type	_write, %function
 265              	_write:
 266              	.LFB7:
  65:.\cmsis_boot\syscalls/syscalls.c **** __attribute__ ((used))
  66:.\cmsis_boot\syscalls/syscalls.c **** int _write(int file, char *ptr, int len)
  67:.\cmsis_boot\syscalls/syscalls.c **** {
 267              		.loc 1 67 0
 268              		.cfi_startproc
 269 0000 84B0     		sub	sp, sp, #16	@,,
 270              	.LCFI7:
 271              		.cfi_def_cfa_offset 16
 272 0002 0390     		str	r0, [sp, #12]	@ file, file
 273 0004 0291     		str	r1, [sp, #8]	@ ptr, ptr
 274 0006 0192     		str	r2, [sp, #4]	@ len, len
  68:.\cmsis_boot\syscalls/syscalls.c ****   return len;
ARM GAS  C:\Users\Mariano\AppData\Local\Temp\cctR8DLM.s 			page 7


 275              		.loc 1 68 0
 276 0008 019B     		ldr	r3, [sp, #4]	@ D.5099, len
  69:.\cmsis_boot\syscalls/syscalls.c **** }
 277              		.loc 1 69 0
 278 000a 181C     		mov	r0, r3	@, <retval>
 279 000c 04B0     		add	sp, sp, #16	@,,
 280              		@ sp needed for prologue	@
 281 000e 7047     		bx	lr
 282              		.cfi_endproc
 283              	.LFE7:
 284              		.size	_write, .-_write
 285              		.section	.text.abort,"ax",%progbits
 286              		.align	2
 287              		.global	abort
 288              		.code	16
 289              		.thumb_func
 290              		.type	abort, %function
 291              	abort:
 292              	.LFB8:
  70:.\cmsis_boot\syscalls/syscalls.c **** 
  71:.\cmsis_boot\syscalls/syscalls.c **** __attribute__ ((used))
  72:.\cmsis_boot\syscalls/syscalls.c **** void abort(void)
  73:.\cmsis_boot\syscalls/syscalls.c **** {
 293              		.loc 1 73 0
 294              		.cfi_startproc
 295              	.L21:
  74:.\cmsis_boot\syscalls/syscalls.c ****   /* Abort called */
  75:.\cmsis_boot\syscalls/syscalls.c ****   while(1);
 296              		.loc 1 75 0 discriminator 1
 297 0000 FEE7     		b	.L21	@
 298              		.cfi_endproc
 299              	.LFE8:
 300              		.size	abort, .-abort
 301 0002 C046     		.section	.bss.heap.5061,"aw",%nobits
 302              		.align	2
 303              		.type	heap.5061, %object
 304              		.size	heap.5061, 4
 305              	heap.5061:
 306 0000 00000000 		.space	4
 307              		.text
 308              	.Letext0:
 309              		.file 2 "c:\\program files (x86)\\gnu tools arm embedded\\4.7 2013q2\\bin\\../lib/gcc/arm-none-eab
 310              		.file 3 "c:\\program files (x86)\\gnu tools arm embedded\\4.7 2013q2\\bin\\../lib/gcc/arm-none-eab
 311              		.file 4 "c:\\program files (x86)\\gnu tools arm embedded\\4.7 2013q2\\bin\\../lib/gcc/arm-none-eab
 312              		.section	.debug_info,"",%progbits
 313              	.Ldebug_info0:
 314 0000 3E040000 		.4byte	0x43e
 315 0004 0200     		.2byte	0x2
 316 0006 00000000 		.4byte	.Ldebug_abbrev0
 317 000a 04       		.byte	0x4
 318 000b 01       		.uleb128 0x1
 319 000c 5B010000 		.4byte	.LASF53
 320 0010 01       		.byte	0x1
 321 0011 5A020000 		.4byte	.LASF54
 322 0015 5F000000 		.4byte	.LASF55
 323 0019 00000000 		.4byte	.Ldebug_ranges0+0
 324 001d 00000000 		.4byte	0
ARM GAS  C:\Users\Mariano\AppData\Local\Temp\cctR8DLM.s 			page 8


 325 0021 00000000 		.4byte	0
 326 0025 00000000 		.4byte	.Ldebug_line0
 327 0029 02       		.uleb128 0x2
 328 002a 04       		.byte	0x4
 329 002b 07       		.byte	0x7
 330 002c 06010000 		.4byte	.LASF0
 331 0030 02       		.uleb128 0x2
 332 0031 01       		.byte	0x1
 333 0032 06       		.byte	0x6
 334 0033 3C000000 		.4byte	.LASF1
 335 0037 02       		.uleb128 0x2
 336 0038 01       		.byte	0x1
 337 0039 08       		.byte	0x8
 338 003a EC010000 		.4byte	.LASF2
 339 003e 02       		.uleb128 0x2
 340 003f 02       		.byte	0x2
 341 0040 05       		.byte	0x5
 342 0041 FA010000 		.4byte	.LASF3
 343 0045 02       		.uleb128 0x2
 344 0046 02       		.byte	0x2
 345 0047 07       		.byte	0x7
 346 0048 32010000 		.4byte	.LASF4
 347 004c 03       		.uleb128 0x3
 348 004d 04       		.byte	0x4
 349 004e 05       		.byte	0x5
 350 004f 696E7400 		.ascii	"int\000"
 351 0053 02       		.uleb128 0x2
 352 0054 08       		.byte	0x8
 353 0055 05       		.byte	0x5
 354 0056 2E000000 		.4byte	.LASF5
 355 005a 02       		.uleb128 0x2
 356 005b 08       		.byte	0x8
 357 005c 07       		.byte	0x7
 358 005d 08000000 		.4byte	.LASF6
 359 0061 04       		.uleb128 0x4
 360 0062 C4010000 		.4byte	.LASF8
 361 0066 02       		.byte	0x2
 362 0067 10       		.byte	0x10
 363 0068 6C000000 		.4byte	0x6c
 364 006c 02       		.uleb128 0x2
 365 006d 04       		.byte	0x4
 366 006e 05       		.byte	0x5
 367 006f 4F000000 		.4byte	.LASF7
 368 0073 04       		.uleb128 0x4
 369 0074 CF000000 		.4byte	.LASF9
 370 0078 02       		.byte	0x2
 371 0079 18       		.byte	0x18
 372 007a 3E000000 		.4byte	0x3e
 373 007e 04       		.uleb128 0x4
 374 007f 3D020000 		.4byte	.LASF10
 375 0083 02       		.byte	0x2
 376 0084 1D       		.byte	0x1d
 377 0085 45000000 		.4byte	0x45
 378 0089 04       		.uleb128 0x4
 379 008a 00000000 		.4byte	.LASF11
 380 008e 02       		.byte	0x2
 381 008f 20       		.byte	0x20
ARM GAS  C:\Users\Mariano\AppData\Local\Temp\cctR8DLM.s 			page 9


 382 0090 45000000 		.4byte	0x45
 383 0094 02       		.uleb128 0x2
 384 0095 04       		.byte	0x4
 385 0096 07       		.byte	0x7
 386 0097 BB010000 		.4byte	.LASF12
 387 009b 02       		.uleb128 0x2
 388 009c 04       		.byte	0x4
 389 009d 07       		.byte	0x7
 390 009e 1A010000 		.4byte	.LASF13
 391 00a2 05       		.uleb128 0x5
 392 00a3 04       		.byte	0x4
 393 00a4 37000000 		.4byte	0x37
 394 00a8 05       		.uleb128 0x5
 395 00a9 04       		.byte	0x4
 396 00aa AE000000 		.4byte	0xae
 397 00ae 02       		.uleb128 0x2
 398 00af 01       		.byte	0x1
 399 00b0 08       		.byte	0x8
 400 00b1 32020000 		.4byte	.LASF14
 401 00b5 04       		.uleb128 0x4
 402 00b6 D1010000 		.4byte	.LASF15
 403 00ba 03       		.byte	0x3
 404 00bb 6D       		.byte	0x6d
 405 00bc 6C000000 		.4byte	0x6c
 406 00c0 04       		.uleb128 0x4
 407 00c1 22020000 		.4byte	.LASF16
 408 00c5 03       		.byte	0x3
 409 00c6 7E       		.byte	0x7e
 410 00c7 A8000000 		.4byte	0xa8
 411 00cb 04       		.uleb128 0x4
 412 00cc 8A020000 		.4byte	.LASF17
 413 00d0 03       		.byte	0x3
 414 00d1 85       		.byte	0x85
 415 00d2 45000000 		.4byte	0x45
 416 00d6 04       		.uleb128 0x4
 417 00d7 B4000000 		.4byte	.LASF18
 418 00db 03       		.byte	0x3
 419 00dc A2       		.byte	0xa2
 420 00dd 61000000 		.4byte	0x61
 421 00e1 04       		.uleb128 0x4
 422 00e2 CB010000 		.4byte	.LASF19
 423 00e6 03       		.byte	0x3
 424 00e7 A3       		.byte	0xa3
 425 00e8 73000000 		.4byte	0x73
 426 00ec 04       		.uleb128 0x4
 427 00ed 2C010000 		.4byte	.LASF20
 428 00f1 03       		.byte	0x3
 429 00f2 A4       		.byte	0xa4
 430 00f3 7E000000 		.4byte	0x7e
 431 00f7 04       		.uleb128 0x4
 432 00f8 BA000000 		.4byte	.LASF21
 433 00fc 03       		.byte	0x3
 434 00fd A5       		.byte	0xa5
 435 00fe 89000000 		.4byte	0x89
 436 0102 04       		.uleb128 0x4
 437 0103 4C020000 		.4byte	.LASF22
 438 0107 03       		.byte	0x3
ARM GAS  C:\Users\Mariano\AppData\Local\Temp\cctR8DLM.s 			page 10


 439 0108 C3       		.byte	0xc3
 440 0109 29000000 		.4byte	0x29
 441 010d 04       		.uleb128 0x4
 442 010e AC000000 		.4byte	.LASF23
 443 0112 03       		.byte	0x3
 444 0113 C8       		.byte	0xc8
 445 0114 45000000 		.4byte	0x45
 446 0118 06       		.uleb128 0x6
 447 0119 29000000 		.4byte	.LASF56
 448 011d 3C       		.byte	0x3c
 449 011e 04       		.byte	0x4
 450 011f 19       		.byte	0x19
 451 0120 13020000 		.4byte	0x213
 452 0124 07       		.uleb128 0x7
 453 0125 53020000 		.4byte	.LASF24
 454 0129 04       		.byte	0x4
 455 012a 1B       		.byte	0x1b
 456 012b E1000000 		.4byte	0xe1
 457 012f 02       		.byte	0x2
 458 0130 23       		.byte	0x23
 459 0131 00       		.uleb128 0
 460 0132 07       		.uleb128 0x7
 461 0133 48000000 		.4byte	.LASF25
 462 0137 04       		.byte	0x4
 463 0138 1C       		.byte	0x1c
 464 0139 CB000000 		.4byte	0xcb
 465 013d 02       		.byte	0x2
 466 013e 23       		.byte	0x23
 467 013f 02       		.uleb128 0x2
 468 0140 07       		.uleb128 0x7
 469 0141 B3010000 		.4byte	.LASF26
 470 0145 04       		.byte	0x4
 471 0146 1D       		.byte	0x1d
 472 0147 02010000 		.4byte	0x102
 473 014b 02       		.byte	0x2
 474 014c 23       		.byte	0x23
 475 014d 04       		.uleb128 0x4
 476 014e 07       		.uleb128 0x7
 477 014f E3010000 		.4byte	.LASF27
 478 0153 04       		.byte	0x4
 479 0154 1E       		.byte	0x1e
 480 0155 0D010000 		.4byte	0x10d
 481 0159 02       		.byte	0x2
 482 015a 23       		.byte	0x23
 483 015b 08       		.uleb128 0x8
 484 015c 07       		.uleb128 0x7
 485 015d D7000000 		.4byte	.LASF28
 486 0161 04       		.byte	0x4
 487 0162 1F       		.byte	0x1f
 488 0163 EC000000 		.4byte	0xec
 489 0167 02       		.byte	0x2
 490 0168 23       		.byte	0x23
 491 0169 0A       		.uleb128 0xa
 492 016a 07       		.uleb128 0x7
 493 016b 45020000 		.4byte	.LASF29
 494 016f 04       		.byte	0x4
 495 0170 20       		.byte	0x20
ARM GAS  C:\Users\Mariano\AppData\Local\Temp\cctR8DLM.s 			page 11


 496 0171 F7000000 		.4byte	0xf7
 497 0175 02       		.byte	0x2
 498 0176 23       		.byte	0x23
 499 0177 0C       		.uleb128 0xc
 500 0178 07       		.uleb128 0x7
 501 0179 2A020000 		.4byte	.LASF30
 502 017d 04       		.byte	0x4
 503 017e 21       		.byte	0x21
 504 017f E1000000 		.4byte	0xe1
 505 0183 02       		.byte	0x2
 506 0184 23       		.byte	0x23
 507 0185 0E       		.uleb128 0xe
 508 0186 07       		.uleb128 0x7
 509 0187 A4010000 		.4byte	.LASF31
 510 018b 04       		.byte	0x4
 511 018c 22       		.byte	0x22
 512 018d D6000000 		.4byte	0xd6
 513 0191 02       		.byte	0x2
 514 0192 23       		.byte	0x23
 515 0193 10       		.uleb128 0x10
 516 0194 07       		.uleb128 0x7
 517 0195 52010000 		.4byte	.LASF32
 518 0199 04       		.byte	0x4
 519 019a 30       		.byte	0x30
 520 019b B5000000 		.4byte	0xb5
 521 019f 02       		.byte	0x2
 522 01a0 23       		.byte	0x23
 523 01a1 14       		.uleb128 0x14
 524 01a2 07       		.uleb128 0x7
 525 01a3 DE000000 		.4byte	.LASF33
 526 01a7 04       		.byte	0x4
 527 01a8 31       		.byte	0x31
 528 01a9 6C000000 		.4byte	0x6c
 529 01ad 02       		.byte	0x2
 530 01ae 23       		.byte	0x23
 531 01af 18       		.uleb128 0x18
 532 01b0 07       		.uleb128 0x7
 533 01b1 7B020000 		.4byte	.LASF34
 534 01b5 04       		.byte	0x4
 535 01b6 32       		.byte	0x32
 536 01b7 B5000000 		.4byte	0xb5
 537 01bb 02       		.byte	0x2
 538 01bc 23       		.byte	0x23
 539 01bd 1C       		.uleb128 0x1c
 540 01be 07       		.uleb128 0x7
 541 01bf E8000000 		.4byte	.LASF35
 542 01c3 04       		.byte	0x4
 543 01c4 33       		.byte	0x33
 544 01c5 6C000000 		.4byte	0x6c
 545 01c9 02       		.byte	0x2
 546 01ca 23       		.byte	0x23
 547 01cb 20       		.uleb128 0x20
 548 01cc 07       		.uleb128 0x7
 549 01cd 0F020000 		.4byte	.LASF36
 550 01d1 04       		.byte	0x4
 551 01d2 34       		.byte	0x34
 552 01d3 B5000000 		.4byte	0xb5
ARM GAS  C:\Users\Mariano\AppData\Local\Temp\cctR8DLM.s 			page 12


 553 01d7 02       		.byte	0x2
 554 01d8 23       		.byte	0x23
 555 01d9 24       		.uleb128 0x24
 556 01da 07       		.uleb128 0x7
 557 01db F2000000 		.4byte	.LASF37
 558 01df 04       		.byte	0x4
 559 01e0 35       		.byte	0x35
 560 01e1 6C000000 		.4byte	0x6c
 561 01e5 02       		.byte	0x2
 562 01e6 23       		.byte	0x23
 563 01e7 28       		.uleb128 0x28
 564 01e8 07       		.uleb128 0x7
 565 01e9 04020000 		.4byte	.LASF38
 566 01ed 04       		.byte	0x4
 567 01ee 36       		.byte	0x36
 568 01ef 6C000000 		.4byte	0x6c
 569 01f3 02       		.byte	0x2
 570 01f4 23       		.byte	0x23
 571 01f5 2C       		.uleb128 0x2c
 572 01f6 07       		.uleb128 0x7
 573 01f7 1F000000 		.4byte	.LASF39
 574 01fb 04       		.byte	0x4
 575 01fc 37       		.byte	0x37
 576 01fd 6C000000 		.4byte	0x6c
 577 0201 02       		.byte	0x2
 578 0202 23       		.byte	0x23
 579 0203 30       		.uleb128 0x30
 580 0204 07       		.uleb128 0x7
 581 0205 FC000000 		.4byte	.LASF40
 582 0209 04       		.byte	0x4
 583 020a 38       		.byte	0x38
 584 020b 13020000 		.4byte	0x213
 585 020f 02       		.byte	0x2
 586 0210 23       		.byte	0x23
 587 0211 34       		.uleb128 0x34
 588 0212 00       		.byte	0
 589 0213 08       		.uleb128 0x8
 590 0214 6C000000 		.4byte	0x6c
 591 0218 23020000 		.4byte	0x223
 592 021c 09       		.uleb128 0x9
 593 021d 94000000 		.4byte	0x94
 594 0221 01       		.byte	0x1
 595 0222 00       		.byte	0
 596 0223 0A       		.uleb128 0xa
 597 0224 01       		.byte	0x1
 598 0225 84020000 		.4byte	.LASF43
 599 0229 01       		.byte	0x1
 600 022a 10       		.byte	0x10
 601 022b 01       		.byte	0x1
 602 022c C0000000 		.4byte	0xc0
 603 0230 00000000 		.4byte	.LFB0
 604 0234 34000000 		.4byte	.LFE0
 605 0238 00000000 		.4byte	.LLST0
 606 023c 01       		.byte	0x1
 607 023d 6F020000 		.4byte	0x26f
 608 0241 0B       		.uleb128 0xb
 609 0242 C0000000 		.4byte	.LASF45
ARM GAS  C:\Users\Mariano\AppData\Local\Temp\cctR8DLM.s 			page 13


 610 0246 01       		.byte	0x1
 611 0247 10       		.byte	0x10
 612 0248 4C000000 		.4byte	0x4c
 613 024c 02       		.byte	0x2
 614 024d 91       		.byte	0x91
 615 024e 74       		.sleb128 -12
 616 024f 0C       		.uleb128 0xc
 617 0250 C5000000 		.4byte	.LASF41
 618 0254 01       		.byte	0x1
 619 0255 12       		.byte	0x12
 620 0256 A2000000 		.4byte	0xa2
 621 025a 05       		.byte	0x5
 622 025b 03       		.byte	0x3
 623 025c 00000000 		.4byte	heap.5061
 624 0260 0C       		.uleb128 0xc
 625 0261 18020000 		.4byte	.LASF42
 626 0265 01       		.byte	0x1
 627 0266 13       		.byte	0x13
 628 0267 A2000000 		.4byte	0xa2
 629 026b 02       		.byte	0x2
 630 026c 91       		.byte	0x91
 631 026d 7C       		.sleb128 -4
 632 026e 00       		.byte	0
 633 026f 0A       		.uleb128 0xa
 634 0270 01       		.byte	0x1
 635 0271 CA000000 		.4byte	.LASF44
 636 0275 01       		.byte	0x1
 637 0276 20       		.byte	0x20
 638 0277 01       		.byte	0x1
 639 0278 4C000000 		.4byte	0x4c
 640 027c 00000000 		.4byte	.LFB1
 641 0280 10000000 		.4byte	.LFE1
 642 0284 20000000 		.4byte	.LLST1
 643 0288 01       		.byte	0x1
 644 0289 AA020000 		.4byte	0x2aa
 645 028d 0D       		.uleb128 0xd
 646 028e 6F6C6400 		.ascii	"old\000"
 647 0292 01       		.byte	0x1
 648 0293 20       		.byte	0x20
 649 0294 A8000000 		.4byte	0xa8
 650 0298 02       		.byte	0x2
 651 0299 91       		.byte	0x91
 652 029a 7C       		.sleb128 -4
 653 029b 0D       		.uleb128 0xd
 654 029c 6E657700 		.ascii	"new\000"
 655 02a0 01       		.byte	0x1
 656 02a1 20       		.byte	0x20
 657 02a2 A8000000 		.4byte	0xa8
 658 02a6 02       		.byte	0x2
 659 02a7 91       		.byte	0x91
 660 02a8 78       		.sleb128 -8
 661 02a9 00       		.byte	0
 662 02aa 0A       		.uleb128 0xa
 663 02ab 01       		.byte	0x1
 664 02ac 13010000 		.4byte	.LASF46
 665 02b0 01       		.byte	0x1
 666 02b1 25       		.byte	0x25
ARM GAS  C:\Users\Mariano\AppData\Local\Temp\cctR8DLM.s 			page 14


 667 02b2 01       		.byte	0x1
 668 02b3 4C000000 		.4byte	0x4c
 669 02b7 00000000 		.4byte	.LFB2
 670 02bb 0E000000 		.4byte	.LFE2
 671 02bf 40000000 		.4byte	.LLST2
 672 02c3 01       		.byte	0x1
 673 02c4 D7020000 		.4byte	0x2d7
 674 02c8 0B       		.uleb128 0xb
 675 02c9 D8010000 		.4byte	.LASF47
 676 02cd 01       		.byte	0x1
 677 02ce 25       		.byte	0x25
 678 02cf 4C000000 		.4byte	0x4c
 679 02d3 02       		.byte	0x2
 680 02d4 91       		.byte	0x91
 681 02d5 7C       		.sleb128 -4
 682 02d6 00       		.byte	0
 683 02d7 0A       		.uleb128 0xa
 684 02d8 01       		.byte	0x1
 685 02d9 A5000000 		.4byte	.LASF48
 686 02dd 01       		.byte	0x1
 687 02de 2B       		.byte	0x2b
 688 02df 01       		.byte	0x1
 689 02e0 4C000000 		.4byte	0x4c
 690 02e4 00000000 		.4byte	.LFB3
 691 02e8 16000000 		.4byte	.LFE3
 692 02ec 60000000 		.4byte	.LLST3
 693 02f0 01       		.byte	0x1
 694 02f1 11030000 		.4byte	0x311
 695 02f5 0B       		.uleb128 0xb
 696 02f6 D8010000 		.4byte	.LASF47
 697 02fa 01       		.byte	0x1
 698 02fb 2B       		.byte	0x2b
 699 02fc 4C000000 		.4byte	0x4c
 700 0300 02       		.byte	0x2
 701 0301 91       		.byte	0x91
 702 0302 7C       		.sleb128 -4
 703 0303 0D       		.uleb128 0xd
 704 0304 737400   		.ascii	"st\000"
 705 0307 01       		.byte	0x1
 706 0308 2B       		.byte	0x2b
 707 0309 11030000 		.4byte	0x311
 708 030d 02       		.byte	0x2
 709 030e 91       		.byte	0x91
 710 030f 78       		.sleb128 -8
 711 0310 00       		.byte	0
 712 0311 05       		.uleb128 0x5
 713 0312 04       		.byte	0x4
 714 0313 18010000 		.4byte	0x118
 715 0317 0A       		.uleb128 0xa
 716 0318 01       		.byte	0x1
 717 0319 4A010000 		.4byte	.LASF49
 718 031d 01       		.byte	0x1
 719 031e 32       		.byte	0x32
 720 031f 01       		.byte	0x1
 721 0320 4C000000 		.4byte	0x4c
 722 0324 00000000 		.4byte	.LFB4
 723 0328 0C000000 		.4byte	.LFE4
ARM GAS  C:\Users\Mariano\AppData\Local\Temp\cctR8DLM.s 			page 15


 724 032c 80000000 		.4byte	.LLST4
 725 0330 01       		.byte	0x1
 726 0331 44030000 		.4byte	0x344
 727 0335 0B       		.uleb128 0xb
 728 0336 D8010000 		.4byte	.LASF47
 729 033a 01       		.byte	0x1
 730 033b 32       		.byte	0x32
 731 033c 4C000000 		.4byte	0x4c
 732 0340 02       		.byte	0x2
 733 0341 91       		.byte	0x91
 734 0342 7C       		.sleb128 -4
 735 0343 00       		.byte	0
 736 0344 0A       		.uleb128 0xa
 737 0345 01       		.byte	0x1
 738 0346 58000000 		.4byte	.LASF50
 739 034a 01       		.byte	0x1
 740 034b 38       		.byte	0x38
 741 034c 01       		.byte	0x1
 742 034d 4C000000 		.4byte	0x4c
 743 0351 00000000 		.4byte	.LFB5
 744 0355 10000000 		.4byte	.LFE5
 745 0359 A0000000 		.4byte	.LLST5
 746 035d 01       		.byte	0x1
 747 035e 8D030000 		.4byte	0x38d
 748 0362 0B       		.uleb128 0xb
 749 0363 D8010000 		.4byte	.LASF47
 750 0367 01       		.byte	0x1
 751 0368 38       		.byte	0x38
 752 0369 4C000000 		.4byte	0x4c
 753 036d 02       		.byte	0x2
 754 036e 91       		.byte	0x91
 755 036f 7C       		.sleb128 -4
 756 0370 0D       		.uleb128 0xd
 757 0371 70747200 		.ascii	"ptr\000"
 758 0375 01       		.byte	0x1
 759 0376 38       		.byte	0x38
 760 0377 4C000000 		.4byte	0x4c
 761 037b 02       		.byte	0x2
 762 037c 91       		.byte	0x91
 763 037d 78       		.sleb128 -8
 764 037e 0D       		.uleb128 0xd
 765 037f 64697200 		.ascii	"dir\000"
 766 0383 01       		.byte	0x1
 767 0384 38       		.byte	0x38
 768 0385 4C000000 		.4byte	0x4c
 769 0389 02       		.byte	0x2
 770 038a 91       		.byte	0x91
 771 038b 74       		.sleb128 -12
 772 038c 00       		.byte	0
 773 038d 0A       		.uleb128 0xa
 774 038e 01       		.byte	0x1
 775 038f DD010000 		.4byte	.LASF51
 776 0393 01       		.byte	0x1
 777 0394 3D       		.byte	0x3d
 778 0395 01       		.byte	0x1
 779 0396 4C000000 		.4byte	0x4c
 780 039a 00000000 		.4byte	.LFB6
ARM GAS  C:\Users\Mariano\AppData\Local\Temp\cctR8DLM.s 			page 16


 781 039e 10000000 		.4byte	.LFE6
 782 03a2 C0000000 		.4byte	.LLST6
 783 03a6 01       		.byte	0x1
 784 03a7 D6030000 		.4byte	0x3d6
 785 03ab 0B       		.uleb128 0xb
 786 03ac D8010000 		.4byte	.LASF47
 787 03b0 01       		.byte	0x1
 788 03b1 3D       		.byte	0x3d
 789 03b2 4C000000 		.4byte	0x4c
 790 03b6 02       		.byte	0x2
 791 03b7 91       		.byte	0x91
 792 03b8 7C       		.sleb128 -4
 793 03b9 0D       		.uleb128 0xd
 794 03ba 70747200 		.ascii	"ptr\000"
 795 03be 01       		.byte	0x1
 796 03bf 3D       		.byte	0x3d
 797 03c0 A8000000 		.4byte	0xa8
 798 03c4 02       		.byte	0x2
 799 03c5 91       		.byte	0x91
 800 03c6 78       		.sleb128 -8
 801 03c7 0D       		.uleb128 0xd
 802 03c8 6C656E00 		.ascii	"len\000"
 803 03cc 01       		.byte	0x1
 804 03cd 3D       		.byte	0x3d
 805 03ce 4C000000 		.4byte	0x4c
 806 03d2 02       		.byte	0x2
 807 03d3 91       		.byte	0x91
 808 03d4 74       		.sleb128 -12
 809 03d5 00       		.byte	0
 810 03d6 0A       		.uleb128 0xa
 811 03d7 01       		.byte	0x1
 812 03d8 AC010000 		.4byte	.LASF52
 813 03dc 01       		.byte	0x1
 814 03dd 42       		.byte	0x42
 815 03de 01       		.byte	0x1
 816 03df 4C000000 		.4byte	0x4c
 817 03e3 00000000 		.4byte	.LFB7
 818 03e7 10000000 		.4byte	.LFE7
 819 03eb E0000000 		.4byte	.LLST7
 820 03ef 01       		.byte	0x1
 821 03f0 1F040000 		.4byte	0x41f
 822 03f4 0B       		.uleb128 0xb
 823 03f5 D8010000 		.4byte	.LASF47
 824 03f9 01       		.byte	0x1
 825 03fa 42       		.byte	0x42
 826 03fb 4C000000 		.4byte	0x4c
 827 03ff 02       		.byte	0x2
 828 0400 91       		.byte	0x91
 829 0401 7C       		.sleb128 -4
 830 0402 0D       		.uleb128 0xd
 831 0403 70747200 		.ascii	"ptr\000"
 832 0407 01       		.byte	0x1
 833 0408 42       		.byte	0x42
 834 0409 A8000000 		.4byte	0xa8
 835 040d 02       		.byte	0x2
 836 040e 91       		.byte	0x91
 837 040f 78       		.sleb128 -8
ARM GAS  C:\Users\Mariano\AppData\Local\Temp\cctR8DLM.s 			page 17


 838 0410 0D       		.uleb128 0xd
 839 0411 6C656E00 		.ascii	"len\000"
 840 0415 01       		.byte	0x1
 841 0416 42       		.byte	0x42
 842 0417 4C000000 		.4byte	0x4c
 843 041b 02       		.byte	0x2
 844 041c 91       		.byte	0x91
 845 041d 74       		.sleb128 -12
 846 041e 00       		.byte	0
 847 041f 0E       		.uleb128 0xe
 848 0420 01       		.byte	0x1
 849 0421 37020000 		.4byte	.LASF57
 850 0425 01       		.byte	0x1
 851 0426 48       		.byte	0x48
 852 0427 01       		.byte	0x1
 853 0428 00000000 		.4byte	.LFB8
 854 042c 02000000 		.4byte	.LFE8
 855 0430 02       		.byte	0x2
 856 0431 7D       		.byte	0x7d
 857 0432 00       		.sleb128 0
 858 0433 01       		.byte	0x1
 859 0434 0F       		.uleb128 0xf
 860 0435 45010000 		.4byte	.LASF58
 861 0439 01       		.byte	0x1
 862 043a 0D       		.byte	0xd
 863 043b 4C000000 		.4byte	0x4c
 864 043f 01       		.byte	0x1
 865 0440 01       		.byte	0x1
 866 0441 00       		.byte	0
 867              		.section	.debug_abbrev,"",%progbits
 868              	.Ldebug_abbrev0:
 869 0000 01       		.uleb128 0x1
 870 0001 11       		.uleb128 0x11
 871 0002 01       		.byte	0x1
 872 0003 25       		.uleb128 0x25
 873 0004 0E       		.uleb128 0xe
 874 0005 13       		.uleb128 0x13
 875 0006 0B       		.uleb128 0xb
 876 0007 03       		.uleb128 0x3
 877 0008 0E       		.uleb128 0xe
 878 0009 1B       		.uleb128 0x1b
 879 000a 0E       		.uleb128 0xe
 880 000b 55       		.uleb128 0x55
 881 000c 06       		.uleb128 0x6
 882 000d 11       		.uleb128 0x11
 883 000e 01       		.uleb128 0x1
 884 000f 52       		.uleb128 0x52
 885 0010 01       		.uleb128 0x1
 886 0011 10       		.uleb128 0x10
 887 0012 06       		.uleb128 0x6
 888 0013 00       		.byte	0
 889 0014 00       		.byte	0
 890 0015 02       		.uleb128 0x2
 891 0016 24       		.uleb128 0x24
 892 0017 00       		.byte	0
 893 0018 0B       		.uleb128 0xb
 894 0019 0B       		.uleb128 0xb
ARM GAS  C:\Users\Mariano\AppData\Local\Temp\cctR8DLM.s 			page 18


 895 001a 3E       		.uleb128 0x3e
 896 001b 0B       		.uleb128 0xb
 897 001c 03       		.uleb128 0x3
 898 001d 0E       		.uleb128 0xe
 899 001e 00       		.byte	0
 900 001f 00       		.byte	0
 901 0020 03       		.uleb128 0x3
 902 0021 24       		.uleb128 0x24
 903 0022 00       		.byte	0
 904 0023 0B       		.uleb128 0xb
 905 0024 0B       		.uleb128 0xb
 906 0025 3E       		.uleb128 0x3e
 907 0026 0B       		.uleb128 0xb
 908 0027 03       		.uleb128 0x3
 909 0028 08       		.uleb128 0x8
 910 0029 00       		.byte	0
 911 002a 00       		.byte	0
 912 002b 04       		.uleb128 0x4
 913 002c 16       		.uleb128 0x16
 914 002d 00       		.byte	0
 915 002e 03       		.uleb128 0x3
 916 002f 0E       		.uleb128 0xe
 917 0030 3A       		.uleb128 0x3a
 918 0031 0B       		.uleb128 0xb
 919 0032 3B       		.uleb128 0x3b
 920 0033 0B       		.uleb128 0xb
 921 0034 49       		.uleb128 0x49
 922 0035 13       		.uleb128 0x13
 923 0036 00       		.byte	0
 924 0037 00       		.byte	0
 925 0038 05       		.uleb128 0x5
 926 0039 0F       		.uleb128 0xf
 927 003a 00       		.byte	0
 928 003b 0B       		.uleb128 0xb
 929 003c 0B       		.uleb128 0xb
 930 003d 49       		.uleb128 0x49
 931 003e 13       		.uleb128 0x13
 932 003f 00       		.byte	0
 933 0040 00       		.byte	0
 934 0041 06       		.uleb128 0x6
 935 0042 13       		.uleb128 0x13
 936 0043 01       		.byte	0x1
 937 0044 03       		.uleb128 0x3
 938 0045 0E       		.uleb128 0xe
 939 0046 0B       		.uleb128 0xb
 940 0047 0B       		.uleb128 0xb
 941 0048 3A       		.uleb128 0x3a
 942 0049 0B       		.uleb128 0xb
 943 004a 3B       		.uleb128 0x3b
 944 004b 0B       		.uleb128 0xb
 945 004c 01       		.uleb128 0x1
 946 004d 13       		.uleb128 0x13
 947 004e 00       		.byte	0
 948 004f 00       		.byte	0
 949 0050 07       		.uleb128 0x7
 950 0051 0D       		.uleb128 0xd
 951 0052 00       		.byte	0
ARM GAS  C:\Users\Mariano\AppData\Local\Temp\cctR8DLM.s 			page 19


 952 0053 03       		.uleb128 0x3
 953 0054 0E       		.uleb128 0xe
 954 0055 3A       		.uleb128 0x3a
 955 0056 0B       		.uleb128 0xb
 956 0057 3B       		.uleb128 0x3b
 957 0058 0B       		.uleb128 0xb
 958 0059 49       		.uleb128 0x49
 959 005a 13       		.uleb128 0x13
 960 005b 38       		.uleb128 0x38
 961 005c 0A       		.uleb128 0xa
 962 005d 00       		.byte	0
 963 005e 00       		.byte	0
 964 005f 08       		.uleb128 0x8
 965 0060 01       		.uleb128 0x1
 966 0061 01       		.byte	0x1
 967 0062 49       		.uleb128 0x49
 968 0063 13       		.uleb128 0x13
 969 0064 01       		.uleb128 0x1
 970 0065 13       		.uleb128 0x13
 971 0066 00       		.byte	0
 972 0067 00       		.byte	0
 973 0068 09       		.uleb128 0x9
 974 0069 21       		.uleb128 0x21
 975 006a 00       		.byte	0
 976 006b 49       		.uleb128 0x49
 977 006c 13       		.uleb128 0x13
 978 006d 2F       		.uleb128 0x2f
 979 006e 0B       		.uleb128 0xb
 980 006f 00       		.byte	0
 981 0070 00       		.byte	0
 982 0071 0A       		.uleb128 0xa
 983 0072 2E       		.uleb128 0x2e
 984 0073 01       		.byte	0x1
 985 0074 3F       		.uleb128 0x3f
 986 0075 0C       		.uleb128 0xc
 987 0076 03       		.uleb128 0x3
 988 0077 0E       		.uleb128 0xe
 989 0078 3A       		.uleb128 0x3a
 990 0079 0B       		.uleb128 0xb
 991 007a 3B       		.uleb128 0x3b
 992 007b 0B       		.uleb128 0xb
 993 007c 27       		.uleb128 0x27
 994 007d 0C       		.uleb128 0xc
 995 007e 49       		.uleb128 0x49
 996 007f 13       		.uleb128 0x13
 997 0080 11       		.uleb128 0x11
 998 0081 01       		.uleb128 0x1
 999 0082 12       		.uleb128 0x12
 1000 0083 01       		.uleb128 0x1
 1001 0084 40       		.uleb128 0x40
 1002 0085 06       		.uleb128 0x6
 1003 0086 9742     		.uleb128 0x2117
 1004 0088 0C       		.uleb128 0xc
 1005 0089 01       		.uleb128 0x1
 1006 008a 13       		.uleb128 0x13
 1007 008b 00       		.byte	0
 1008 008c 00       		.byte	0
ARM GAS  C:\Users\Mariano\AppData\Local\Temp\cctR8DLM.s 			page 20


 1009 008d 0B       		.uleb128 0xb
 1010 008e 05       		.uleb128 0x5
 1011 008f 00       		.byte	0
 1012 0090 03       		.uleb128 0x3
 1013 0091 0E       		.uleb128 0xe
 1014 0092 3A       		.uleb128 0x3a
 1015 0093 0B       		.uleb128 0xb
 1016 0094 3B       		.uleb128 0x3b
 1017 0095 0B       		.uleb128 0xb
 1018 0096 49       		.uleb128 0x49
 1019 0097 13       		.uleb128 0x13
 1020 0098 02       		.uleb128 0x2
 1021 0099 0A       		.uleb128 0xa
 1022 009a 00       		.byte	0
 1023 009b 00       		.byte	0
 1024 009c 0C       		.uleb128 0xc
 1025 009d 34       		.uleb128 0x34
 1026 009e 00       		.byte	0
 1027 009f 03       		.uleb128 0x3
 1028 00a0 0E       		.uleb128 0xe
 1029 00a1 3A       		.uleb128 0x3a
 1030 00a2 0B       		.uleb128 0xb
 1031 00a3 3B       		.uleb128 0x3b
 1032 00a4 0B       		.uleb128 0xb
 1033 00a5 49       		.uleb128 0x49
 1034 00a6 13       		.uleb128 0x13
 1035 00a7 02       		.uleb128 0x2
 1036 00a8 0A       		.uleb128 0xa
 1037 00a9 00       		.byte	0
 1038 00aa 00       		.byte	0
 1039 00ab 0D       		.uleb128 0xd
 1040 00ac 05       		.uleb128 0x5
 1041 00ad 00       		.byte	0
 1042 00ae 03       		.uleb128 0x3
 1043 00af 08       		.uleb128 0x8
 1044 00b0 3A       		.uleb128 0x3a
 1045 00b1 0B       		.uleb128 0xb
 1046 00b2 3B       		.uleb128 0x3b
 1047 00b3 0B       		.uleb128 0xb
 1048 00b4 49       		.uleb128 0x49
 1049 00b5 13       		.uleb128 0x13
 1050 00b6 02       		.uleb128 0x2
 1051 00b7 0A       		.uleb128 0xa
 1052 00b8 00       		.byte	0
 1053 00b9 00       		.byte	0
 1054 00ba 0E       		.uleb128 0xe
 1055 00bb 2E       		.uleb128 0x2e
 1056 00bc 00       		.byte	0
 1057 00bd 3F       		.uleb128 0x3f
 1058 00be 0C       		.uleb128 0xc
 1059 00bf 03       		.uleb128 0x3
 1060 00c0 0E       		.uleb128 0xe
 1061 00c1 3A       		.uleb128 0x3a
 1062 00c2 0B       		.uleb128 0xb
 1063 00c3 3B       		.uleb128 0x3b
 1064 00c4 0B       		.uleb128 0xb
 1065 00c5 27       		.uleb128 0x27
ARM GAS  C:\Users\Mariano\AppData\Local\Temp\cctR8DLM.s 			page 21


 1066 00c6 0C       		.uleb128 0xc
 1067 00c7 11       		.uleb128 0x11
 1068 00c8 01       		.uleb128 0x1
 1069 00c9 12       		.uleb128 0x12
 1070 00ca 01       		.uleb128 0x1
 1071 00cb 40       		.uleb128 0x40
 1072 00cc 0A       		.uleb128 0xa
 1073 00cd 9742     		.uleb128 0x2117
 1074 00cf 0C       		.uleb128 0xc
 1075 00d0 00       		.byte	0
 1076 00d1 00       		.byte	0
 1077 00d2 0F       		.uleb128 0xf
 1078 00d3 34       		.uleb128 0x34
 1079 00d4 00       		.byte	0
 1080 00d5 03       		.uleb128 0x3
 1081 00d6 0E       		.uleb128 0xe
 1082 00d7 3A       		.uleb128 0x3a
 1083 00d8 0B       		.uleb128 0xb
 1084 00d9 3B       		.uleb128 0x3b
 1085 00da 0B       		.uleb128 0xb
 1086 00db 49       		.uleb128 0x49
 1087 00dc 13       		.uleb128 0x13
 1088 00dd 3F       		.uleb128 0x3f
 1089 00de 0C       		.uleb128 0xc
 1090 00df 3C       		.uleb128 0x3c
 1091 00e0 0C       		.uleb128 0xc
 1092 00e1 00       		.byte	0
 1093 00e2 00       		.byte	0
 1094 00e3 00       		.byte	0
 1095              		.section	.debug_loc,"",%progbits
 1096              	.Ldebug_loc0:
 1097              	.LLST0:
 1098 0000 00000000 		.4byte	.LFB0
 1099 0004 02000000 		.4byte	.LCFI0
 1100 0008 0200     		.2byte	0x2
 1101 000a 7D       		.byte	0x7d
 1102 000b 00       		.sleb128 0
 1103 000c 02000000 		.4byte	.LCFI0
 1104 0010 34000000 		.4byte	.LFE0
 1105 0014 0200     		.2byte	0x2
 1106 0016 7D       		.byte	0x7d
 1107 0017 10       		.sleb128 16
 1108 0018 00000000 		.4byte	0
 1109 001c 00000000 		.4byte	0
 1110              	.LLST1:
 1111 0020 00000000 		.4byte	.LFB1
 1112 0024 02000000 		.4byte	.LCFI1
 1113 0028 0200     		.2byte	0x2
 1114 002a 7D       		.byte	0x7d
 1115 002b 00       		.sleb128 0
 1116 002c 02000000 		.4byte	.LCFI1
 1117 0030 10000000 		.4byte	.LFE1
 1118 0034 0200     		.2byte	0x2
 1119 0036 7D       		.byte	0x7d
 1120 0037 08       		.sleb128 8
 1121 0038 00000000 		.4byte	0
 1122 003c 00000000 		.4byte	0
ARM GAS  C:\Users\Mariano\AppData\Local\Temp\cctR8DLM.s 			page 22


 1123              	.LLST2:
 1124 0040 00000000 		.4byte	.LFB2
 1125 0044 02000000 		.4byte	.LCFI2
 1126 0048 0200     		.2byte	0x2
 1127 004a 7D       		.byte	0x7d
 1128 004b 00       		.sleb128 0
 1129 004c 02000000 		.4byte	.LCFI2
 1130 0050 0E000000 		.4byte	.LFE2
 1131 0054 0200     		.2byte	0x2
 1132 0056 7D       		.byte	0x7d
 1133 0057 08       		.sleb128 8
 1134 0058 00000000 		.4byte	0
 1135 005c 00000000 		.4byte	0
 1136              	.LLST3:
 1137 0060 00000000 		.4byte	.LFB3
 1138 0064 02000000 		.4byte	.LCFI3
 1139 0068 0200     		.2byte	0x2
 1140 006a 7D       		.byte	0x7d
 1141 006b 00       		.sleb128 0
 1142 006c 02000000 		.4byte	.LCFI3
 1143 0070 16000000 		.4byte	.LFE3
 1144 0074 0200     		.2byte	0x2
 1145 0076 7D       		.byte	0x7d
 1146 0077 08       		.sleb128 8
 1147 0078 00000000 		.4byte	0
 1148 007c 00000000 		.4byte	0
 1149              	.LLST4:
 1150 0080 00000000 		.4byte	.LFB4
 1151 0084 02000000 		.4byte	.LCFI4
 1152 0088 0200     		.2byte	0x2
 1153 008a 7D       		.byte	0x7d
 1154 008b 00       		.sleb128 0
 1155 008c 02000000 		.4byte	.LCFI4
 1156 0090 0C000000 		.4byte	.LFE4
 1157 0094 0200     		.2byte	0x2
 1158 0096 7D       		.byte	0x7d
 1159 0097 08       		.sleb128 8
 1160 0098 00000000 		.4byte	0
 1161 009c 00000000 		.4byte	0
 1162              	.LLST5:
 1163 00a0 00000000 		.4byte	.LFB5
 1164 00a4 02000000 		.4byte	.LCFI5
 1165 00a8 0200     		.2byte	0x2
 1166 00aa 7D       		.byte	0x7d
 1167 00ab 00       		.sleb128 0
 1168 00ac 02000000 		.4byte	.LCFI5
 1169 00b0 10000000 		.4byte	.LFE5
 1170 00b4 0200     		.2byte	0x2
 1171 00b6 7D       		.byte	0x7d
 1172 00b7 10       		.sleb128 16
 1173 00b8 00000000 		.4byte	0
 1174 00bc 00000000 		.4byte	0
 1175              	.LLST6:
 1176 00c0 00000000 		.4byte	.LFB6
 1177 00c4 02000000 		.4byte	.LCFI6
 1178 00c8 0200     		.2byte	0x2
 1179 00ca 7D       		.byte	0x7d
ARM GAS  C:\Users\Mariano\AppData\Local\Temp\cctR8DLM.s 			page 23


 1180 00cb 00       		.sleb128 0
 1181 00cc 02000000 		.4byte	.LCFI6
 1182 00d0 10000000 		.4byte	.LFE6
 1183 00d4 0200     		.2byte	0x2
 1184 00d6 7D       		.byte	0x7d
 1185 00d7 10       		.sleb128 16
 1186 00d8 00000000 		.4byte	0
 1187 00dc 00000000 		.4byte	0
 1188              	.LLST7:
 1189 00e0 00000000 		.4byte	.LFB7
 1190 00e4 02000000 		.4byte	.LCFI7
 1191 00e8 0200     		.2byte	0x2
 1192 00ea 7D       		.byte	0x7d
 1193 00eb 00       		.sleb128 0
 1194 00ec 02000000 		.4byte	.LCFI7
 1195 00f0 10000000 		.4byte	.LFE7
 1196 00f4 0200     		.2byte	0x2
 1197 00f6 7D       		.byte	0x7d
 1198 00f7 10       		.sleb128 16
 1199 00f8 00000000 		.4byte	0
 1200 00fc 00000000 		.4byte	0
 1201              		.section	.debug_aranges,"",%progbits
 1202 0000 5C000000 		.4byte	0x5c
 1203 0004 0200     		.2byte	0x2
 1204 0006 00000000 		.4byte	.Ldebug_info0
 1205 000a 04       		.byte	0x4
 1206 000b 00       		.byte	0
 1207 000c 0000     		.2byte	0
 1208 000e 0000     		.2byte	0
 1209 0010 00000000 		.4byte	.LFB0
 1210 0014 34000000 		.4byte	.LFE0-.LFB0
 1211 0018 00000000 		.4byte	.LFB1
 1212 001c 10000000 		.4byte	.LFE1-.LFB1
 1213 0020 00000000 		.4byte	.LFB2
 1214 0024 0E000000 		.4byte	.LFE2-.LFB2
 1215 0028 00000000 		.4byte	.LFB3
 1216 002c 16000000 		.4byte	.LFE3-.LFB3
 1217 0030 00000000 		.4byte	.LFB4
 1218 0034 0C000000 		.4byte	.LFE4-.LFB4
 1219 0038 00000000 		.4byte	.LFB5
 1220 003c 10000000 		.4byte	.LFE5-.LFB5
 1221 0040 00000000 		.4byte	.LFB6
 1222 0044 10000000 		.4byte	.LFE6-.LFB6
 1223 0048 00000000 		.4byte	.LFB7
 1224 004c 10000000 		.4byte	.LFE7-.LFB7
 1225 0050 00000000 		.4byte	.LFB8
 1226 0054 02000000 		.4byte	.LFE8-.LFB8
 1227 0058 00000000 		.4byte	0
 1228 005c 00000000 		.4byte	0
 1229              		.section	.debug_ranges,"",%progbits
 1230              	.Ldebug_ranges0:
 1231 0000 00000000 		.4byte	.LFB0
 1232 0004 34000000 		.4byte	.LFE0
 1233 0008 00000000 		.4byte	.LFB1
 1234 000c 10000000 		.4byte	.LFE1
 1235 0010 00000000 		.4byte	.LFB2
 1236 0014 0E000000 		.4byte	.LFE2
ARM GAS  C:\Users\Mariano\AppData\Local\Temp\cctR8DLM.s 			page 24


 1237 0018 00000000 		.4byte	.LFB3
 1238 001c 16000000 		.4byte	.LFE3
 1239 0020 00000000 		.4byte	.LFB4
 1240 0024 0C000000 		.4byte	.LFE4
 1241 0028 00000000 		.4byte	.LFB5
 1242 002c 10000000 		.4byte	.LFE5
 1243 0030 00000000 		.4byte	.LFB6
 1244 0034 10000000 		.4byte	.LFE6
 1245 0038 00000000 		.4byte	.LFB7
 1246 003c 10000000 		.4byte	.LFE7
 1247 0040 00000000 		.4byte	.LFB8
 1248 0044 02000000 		.4byte	.LFE8
 1249 0048 00000000 		.4byte	0
 1250 004c 00000000 		.4byte	0
 1251              		.section	.debug_line,"",%progbits
 1252              	.Ldebug_line0:
 1253 0000 83010000 		.section	.debug_str,"MS",%progbits,1
 1253      0200DA00 
 1253      00000201 
 1253      FB0E0D00 
 1253      01010101 
 1254              	.LASF11:
 1255 0000 5F5F6769 		.ascii	"__gid_t\000"
 1255      645F7400 
 1256              	.LASF6:
 1257 0008 6C6F6E67 		.ascii	"long long unsigned int\000"
 1257      206C6F6E 
 1257      6720756E 
 1257      7369676E 
 1257      65642069 
 1258              	.LASF39:
 1259 001f 73745F62 		.ascii	"st_blocks\000"
 1259      6C6F636B 
 1259      7300
 1260              	.LASF56:
 1261 0029 73746174 		.ascii	"stat\000"
 1261      00
 1262              	.LASF5:
 1263 002e 6C6F6E67 		.ascii	"long long int\000"
 1263      206C6F6E 
 1263      6720696E 
 1263      7400
 1264              	.LASF1:
 1265 003c 7369676E 		.ascii	"signed char\000"
 1265      65642063 
 1265      68617200 
 1266              	.LASF25:
 1267 0048 73745F69 		.ascii	"st_ino\000"
 1267      6E6F00
 1268              	.LASF7:
 1269 004f 6C6F6E67 		.ascii	"long int\000"
 1269      20696E74 
 1269      00
 1270              	.LASF50:
 1271 0058 5F6C7365 		.ascii	"_lseek\000"
 1271      656B00
 1272              	.LASF55:
ARM GAS  C:\Users\Mariano\AppData\Local\Temp\cctR8DLM.s 			page 25


 1273 005f 433A5C55 		.ascii	"C:\\Users\\Mariano\\Documents\\Proyectos\\eclipse_s"
 1273      73657273 
 1273      5C4D6172 
 1273      69616E6F 
 1273      5C446F63 
 1274 008d 746D3332 		.ascii	"tm32\\Planolux_DMX512_P1\000"
 1274      5C506C61 
 1274      6E6F6C75 
 1274      785F444D 
 1274      58353132 
 1275              	.LASF48:
 1276 00a5 5F667374 		.ascii	"_fstat\000"
 1276      617400
 1277              	.LASF23:
 1278 00ac 6E6C696E 		.ascii	"nlink_t\000"
 1278      6B5F7400 
 1279              	.LASF18:
 1280 00b4 6F66665F 		.ascii	"off_t\000"
 1280      7400
 1281              	.LASF21:
 1282 00ba 6769645F 		.ascii	"gid_t\000"
 1282      7400
 1283              	.LASF45:
 1284 00c0 696E6372 		.ascii	"incr\000"
 1284      00
 1285              	.LASF41:
 1286 00c5 68656170 		.ascii	"heap\000"
 1286      00
 1287              	.LASF44:
 1288 00ca 6C696E6B 		.ascii	"link\000"
 1288      00
 1289              	.LASF9:
 1290 00cf 5F5F6465 		.ascii	"__dev_t\000"
 1290      765F7400 
 1291              	.LASF28:
 1292 00d7 73745F75 		.ascii	"st_uid\000"
 1292      696400
 1293              	.LASF33:
 1294 00de 73745F73 		.ascii	"st_spare1\000"
 1294      70617265 
 1294      3100
 1295              	.LASF35:
 1296 00e8 73745F73 		.ascii	"st_spare2\000"
 1296      70617265 
 1296      3200
 1297              	.LASF37:
 1298 00f2 73745F73 		.ascii	"st_spare3\000"
 1298      70617265 
 1298      3300
 1299              	.LASF40:
 1300 00fc 73745F73 		.ascii	"st_spare4\000"
 1300      70617265 
 1300      3400
 1301              	.LASF0:
 1302 0106 756E7369 		.ascii	"unsigned int\000"
 1302      676E6564 
 1302      20696E74 
ARM GAS  C:\Users\Mariano\AppData\Local\Temp\cctR8DLM.s 			page 26


 1302      00
 1303              	.LASF46:
 1304 0113 5F636C6F 		.ascii	"_close\000"
 1304      736500
 1305              	.LASF13:
 1306 011a 6C6F6E67 		.ascii	"long unsigned int\000"
 1306      20756E73 
 1306      69676E65 
 1306      6420696E 
 1306      7400
 1307              	.LASF20:
 1308 012c 7569645F 		.ascii	"uid_t\000"
 1308      7400
 1309              	.LASF4:
 1310 0132 73686F72 		.ascii	"short unsigned int\000"
 1310      7420756E 
 1310      7369676E 
 1310      65642069 
 1310      6E7400
 1311              	.LASF58:
 1312 0145 5F656E64 		.ascii	"_end\000"
 1312      00
 1313              	.LASF49:
 1314 014a 5F697361 		.ascii	"_isatty\000"
 1314      74747900 
 1315              	.LASF32:
 1316 0152 73745F61 		.ascii	"st_atime\000"
 1316      74696D65 
 1316      00
 1317              	.LASF53:
 1318 015b 474E5520 		.ascii	"GNU C 4.7.4 20130613 (release) [ARM/embedded-4_7-br"
 1318      4320342E 
 1318      372E3420 
 1318      32303133 
 1318      30363133 
 1319 018e 616E6368 		.ascii	"anch revision 200083]\000"
 1319      20726576 
 1319      6973696F 
 1319      6E203230 
 1319      30303833 
 1320              	.LASF31:
 1321 01a4 73745F73 		.ascii	"st_size\000"
 1321      697A6500 
 1322              	.LASF52:
 1323 01ac 5F777269 		.ascii	"_write\000"
 1323      746500
 1324              	.LASF26:
 1325 01b3 73745F6D 		.ascii	"st_mode\000"
 1325      6F646500 
 1326              	.LASF12:
 1327 01bb 73697A65 		.ascii	"sizetype\000"
 1327      74797065 
 1327      00
 1328              	.LASF8:
 1329 01c4 5F6F6666 		.ascii	"_off_t\000"
 1329      5F7400
 1330              	.LASF19:
ARM GAS  C:\Users\Mariano\AppData\Local\Temp\cctR8DLM.s 			page 27


 1331 01cb 6465765F 		.ascii	"dev_t\000"
 1331      7400
 1332              	.LASF15:
 1333 01d1 74696D65 		.ascii	"time_t\000"
 1333      5F7400
 1334              	.LASF47:
 1335 01d8 66696C65 		.ascii	"file\000"
 1335      00
 1336              	.LASF51:
 1337 01dd 5F726561 		.ascii	"_read\000"
 1337      6400
 1338              	.LASF27:
 1339 01e3 73745F6E 		.ascii	"st_nlink\000"
 1339      6C696E6B 
 1339      00
 1340              	.LASF2:
 1341 01ec 756E7369 		.ascii	"unsigned char\000"
 1341      676E6564 
 1341      20636861 
 1341      7200
 1342              	.LASF3:
 1343 01fa 73686F72 		.ascii	"short int\000"
 1343      7420696E 
 1343      7400
 1344              	.LASF38:
 1345 0204 73745F62 		.ascii	"st_blksize\000"
 1345      6C6B7369 
 1345      7A6500
 1346              	.LASF36:
 1347 020f 73745F63 		.ascii	"st_ctime\000"
 1347      74696D65 
 1347      00
 1348              	.LASF42:
 1349 0218 70726576 		.ascii	"prev_heap\000"
 1349      5F686561 
 1349      7000
 1350              	.LASF16:
 1351 0222 63616464 		.ascii	"caddr_t\000"
 1351      725F7400 
 1352              	.LASF30:
 1353 022a 73745F72 		.ascii	"st_rdev\000"
 1353      64657600 
 1354              	.LASF14:
 1355 0232 63686172 		.ascii	"char\000"
 1355      00
 1356              	.LASF57:
 1357 0237 61626F72 		.ascii	"abort\000"
 1357      7400
 1358              	.LASF10:
 1359 023d 5F5F7569 		.ascii	"__uid_t\000"
 1359      645F7400 
 1360              	.LASF29:
 1361 0245 73745F67 		.ascii	"st_gid\000"
 1361      696400
 1362              	.LASF22:
 1363 024c 6D6F6465 		.ascii	"mode_t\000"
 1363      5F7400
ARM GAS  C:\Users\Mariano\AppData\Local\Temp\cctR8DLM.s 			page 28


 1364              	.LASF24:
 1365 0253 73745F64 		.ascii	"st_dev\000"
 1365      657600
 1366              	.LASF54:
 1367 025a 2E5C636D 		.ascii	".\\cmsis_boot\\syscalls\\syscalls.c\000"
 1367      7369735F 
 1367      626F6F74 
 1367      5C737973 
 1367      63616C6C 
 1368              	.LASF34:
 1369 027b 73745F6D 		.ascii	"st_mtime\000"
 1369      74696D65 
 1369      00
 1370              	.LASF43:
 1371 0284 5F736272 		.ascii	"_sbrk\000"
 1371      6B00
 1372              	.LASF17:
 1373 028a 696E6F5F 		.ascii	"ino_t\000"
 1373      7400
 1374              		.ident	"GCC: (GNU Tools for ARM Embedded Processors) 4.7.4 20130613 (release) [ARM/embedded-4_7-br
ARM GAS  C:\Users\Mariano\AppData\Local\Temp\cctR8DLM.s 			page 29


DEFINED SYMBOLS
                            *ABS*:00000000 syscalls.c
C:\Users\Mariano\AppData\Local\Temp\cctR8DLM.s:52     .text._sbrk:00000000 $t
C:\Users\Mariano\AppData\Local\Temp\cctR8DLM.s:57     .text._sbrk:00000000 _sbrk
C:\Users\Mariano\AppData\Local\Temp\cctR8DLM.s:97     .text._sbrk:0000002c $d
C:\Users\Mariano\AppData\Local\Temp\cctR8DLM.s:305    .bss.heap.5061:00000000 heap.5061
C:\Users\Mariano\AppData\Local\Temp\cctR8DLM.s:103    .text.link:00000000 $t
C:\Users\Mariano\AppData\Local\Temp\cctR8DLM.s:108    .text.link:00000000 link
C:\Users\Mariano\AppData\Local\Temp\cctR8DLM.s:129    .text._close:00000000 $t
C:\Users\Mariano\AppData\Local\Temp\cctR8DLM.s:134    .text._close:00000000 _close
C:\Users\Mariano\AppData\Local\Temp\cctR8DLM.s:154    .text._fstat:00000000 $t
C:\Users\Mariano\AppData\Local\Temp\cctR8DLM.s:159    .text._fstat:00000000 _fstat
C:\Users\Mariano\AppData\Local\Temp\cctR8DLM.s:184    .text._isatty:00000000 $t
C:\Users\Mariano\AppData\Local\Temp\cctR8DLM.s:189    .text._isatty:00000000 _isatty
C:\Users\Mariano\AppData\Local\Temp\cctR8DLM.s:208    .text._lseek:00000000 $t
C:\Users\Mariano\AppData\Local\Temp\cctR8DLM.s:213    .text._lseek:00000000 _lseek
C:\Users\Mariano\AppData\Local\Temp\cctR8DLM.s:234    .text._read:00000000 $t
C:\Users\Mariano\AppData\Local\Temp\cctR8DLM.s:239    .text._read:00000000 _read
C:\Users\Mariano\AppData\Local\Temp\cctR8DLM.s:260    .text._write:00000000 $t
C:\Users\Mariano\AppData\Local\Temp\cctR8DLM.s:265    .text._write:00000000 _write
C:\Users\Mariano\AppData\Local\Temp\cctR8DLM.s:286    .text.abort:00000000 $t
C:\Users\Mariano\AppData\Local\Temp\cctR8DLM.s:291    .text.abort:00000000 abort
C:\Users\Mariano\AppData\Local\Temp\cctR8DLM.s:302    .bss.heap.5061:00000000 $d
                     .debug_frame:00000010 $d

UNDEFINED SYMBOLS
_end
