ARM GAS  C:\Users\Mariano\AppData\Local\Temp\ccSwzN0K.s 			page 1


   1              		.cpu cortex-m0
   2              		.fpu softvfp
   3              		.eabi_attribute 20, 1	@ Tag_ABI_FP_denormal
   4              		.eabi_attribute 21, 1	@ Tag_ABI_FP_exceptions
   5              		.eabi_attribute 23, 3	@ Tag_ABI_FP_number_model
   6              		.eabi_attribute 24, 1	@ Tag_ABI_align8_needed
   7              		.eabi_attribute 25, 1	@ Tag_ABI_align8_preserved
   8              		.eabi_attribute 26, 1	@ Tag_ABI_enum_size
   9              		.eabi_attribute 30, 6	@ Tag_ABI_optimization_goals
  10              		.eabi_attribute 34, 0	@ Tag_CPU_unaligned_access
  11              		.eabi_attribute 18, 4	@ Tag_ABI_PCS_wchar_t
  12              		.file	"adc.c"
  13              	@ GNU C (GNU Tools for ARM Embedded Processors) version 4.7.4 20130613 (release) [ARM/embedded-4_7-
  14              	@	compiled by GNU C version 4.2.1-sjlj (mingw32-2), GMP version 4.3.2, MPFR version 2.4.2, MPC vers
  15              	@ GGC heuristics: --param ggc-min-expand=100 --param ggc-min-heapsize=131072
  16              	@ options passed:  -I . -I .\src -I .\cmsis_boot -I .\cmsis_core
  17              	@ -I ..\STM32F0xx_StdPeriph_Lib_V1.3.1\Libraries\STM32F0xx_StdPeriph_Driver\inc
  18              	@ -I .\inc -I .\cmsis_boot -imultilib armv6-m
  19              	@ -iprefix c:\program files (x86)\gnu tools arm embedded\4.7 2013q2\bin\../lib/gcc/arm-none-eabi/4.
  20              	@ -isysroot c:\program files (x86)\gnu tools arm embedded\4.7 2013q2\bin\../arm-none-eabi
  21              	@ -MD .\src\adc.d -MF .dep\adc.o.d -MP -MQ .\src\adc.o -D__USES_INITFINI__
  22              	@ -D RUN_FROM_FLASH=1 .\src\adc.c -mcpu=cortex-m0 -mthumb
  23              	@ -auxbase-strip .\src\adc.o -g -gdwarf-2 -O0 -Wall -fomit-frame-pointer
  24              	@ -fdata-sections -ffunction-sections -fverbose-asm
  25              	@ options enabled:  -fauto-inc-dec -fbranch-count-reg -fcommon
  26              	@ -fdata-sections -fdebug-types-section -fdelete-null-pointer-checks
  27              	@ -fdwarf2-cfi-asm -fearly-inlining -feliminate-unused-debug-types
  28              	@ -ffunction-cse -ffunction-sections -fgcse-lm -fgnu-runtime -fident
  29              	@ -finline-atomics -fira-hoist-pressure -fira-share-save-slots
  30              	@ -fira-share-spill-slots -fivopts -fkeep-static-consts
  31              	@ -fleading-underscore -fmath-errno -fmerge-debug-strings
  32              	@ -fmove-loop-invariants -fomit-frame-pointer -fpeephole
  33              	@ -fprefetch-loop-arrays -freg-struct-return
  34              	@ -fsched-critical-path-heuristic -fsched-dep-count-heuristic
  35              	@ -fsched-group-heuristic -fsched-interblock -fsched-last-insn-heuristic
  36              	@ -fsched-rank-heuristic -fsched-spec -fsched-spec-insn-heuristic
  37              	@ -fsched-stalled-insns-dep -fshow-column -fsigned-zeros
  38              	@ -fsplit-ivs-in-unroller -fstrict-volatile-bitfields -ftrapping-math
  39              	@ -ftree-cselim -ftree-forwprop -ftree-loop-if-convert -ftree-loop-im
  40              	@ -ftree-loop-ivcanon -ftree-loop-optimize -ftree-parallelize-loops=
  41              	@ -ftree-phiprop -ftree-pta -ftree-reassoc -ftree-scev-cprop
  42              	@ -ftree-slp-vectorize -ftree-vect-loop-version -funit-at-a-time
  43              	@ -fverbose-asm -fzero-initialized-in-bss -mlittle-endian -msched-prolog
  44              	@ -mthumb -mvectorize-with-neon-quad
  45              	
  46              		.text
  47              	.Ltext0:
  48              		.cfi_sections	.debug_frame
  49              		.section	.text.ADC_Conf,"ax",%progbits
  50              		.align	2
  51              		.global	ADC_Conf
  52              		.code	16
  53              		.thumb_func
  54              		.type	ADC_Conf, %function
  55              	ADC_Conf:
  56              	.LFB20:
  57              		.file 1 ".\\src\\adc.c"
ARM GAS  C:\Users\Mariano\AppData\Local\Temp\ccSwzN0K.s 			page 2


   1:.\src/adc.c   **** /*
   2:.\src/adc.c   ****  * adc.c
   3:.\src/adc.c   ****  *
   4:.\src/adc.c   ****  *  Created on: 04/05/2015
   5:.\src/adc.c   ****  *      Author: Mariano
   6:.\src/adc.c   ****  */
   7:.\src/adc.c   **** #include "adc.h"
   8:.\src/adc.c   **** #include "stm32f0xx_adc.h"
   9:.\src/adc.c   **** 
  10:.\src/adc.c   **** 
  11:.\src/adc.c   **** unsigned short ADC_Conf (void)
  12:.\src/adc.c   **** {
  58              		.loc 1 12 0
  59              		.cfi_startproc
  60 0000 00B5     		push	{lr}	@
  61              	.LCFI0:
  62              		.cfi_def_cfa_offset 4
  63              		.cfi_offset 14, -4
  64 0002 89B0     		sub	sp, sp, #36	@,,
  65              	.LCFI1:
  66              		.cfi_def_cfa_offset 40
  13:.\src/adc.c   **** 	unsigned short cal = 0;
  67              		.loc 1 13 0
  68 0004 6B46     		mov	r3, sp	@ tmp144,
  69 0006 1E33     		add	r3, r3, #30	@ tmp144,
  70 0008 0022     		mov	r2, #0	@ tmp145,
  71 000a 1A80     		strh	r2, [r3]	@ tmp146, cal
  14:.\src/adc.c   **** 	ADC_InitTypeDef ADC_InitStructure;
  15:.\src/adc.c   **** 
  16:.\src/adc.c   **** 	if (!RCC_ADC_CLK)
  72              		.loc 1 16 0
  73 000c 224B     		ldr	r3, .L4	@ D.4769,
  74 000e 9A69     		ldr	r2, [r3, #24]	@ D.4770, D.4769_2->APB2ENR
  75 0010 8023     		mov	r3, #128	@ tmp174,
  76 0012 9B00     		lsl	r3, r3, #2	@ tmp147, tmp174,
  77 0014 1340     		and	r3, r2	@ D.4771, D.4770
  78 0016 06D1     		bne	.L2	@,
  17:.\src/adc.c   **** 		RCC_ADC_CLK_ON;
  79              		.loc 1 17 0
  80 0018 1F4B     		ldr	r3, .L4	@ D.4774,
  81 001a 1F4A     		ldr	r2, .L4	@ D.4775,
  82 001c 9269     		ldr	r2, [r2, #24]	@ D.4776, D.4775_6->APB2ENR
  83 001e 8021     		mov	r1, #128	@ tmp173,
  84 0020 8900     		lsl	r1, r1, #2	@ tmp148, tmp173,
  85 0022 0A43     		orr	r2, r1	@ D.4777, tmp148
  86 0024 9A61     		str	r2, [r3, #24]	@ D.4777, D.4774_5->APB2ENR
  87              	.L2:
  18:.\src/adc.c   **** 
  19:.\src/adc.c   **** 	ADC_ClockModeConfig(ADC1, ADC_ClockMode_SynClkDiv4);
  88              		.loc 1 19 0
  89 0026 1D4A     		ldr	r2, .L4+4	@ tmp149,
  90 0028 8023     		mov	r3, #128	@ tmp172,
  91 002a 1B06     		lsl	r3, r3, #24	@ tmp150, tmp172,
  92 002c 101C     		mov	r0, r2	@, tmp149
  93 002e 191C     		mov	r1, r3	@, tmp150
  94 0030 FFF7FEFF 		bl	ADC_ClockModeConfig	@
  20:.\src/adc.c   **** 
ARM GAS  C:\Users\Mariano\AppData\Local\Temp\ccSwzN0K.s 			page 3


  21:.\src/adc.c   **** 	// preseteo de registros a default
  22:.\src/adc.c   **** 	  /* ADCs DeInit */
  23:.\src/adc.c   **** 	  ADC_DeInit(ADC1);
  95              		.loc 1 23 0
  96 0034 194B     		ldr	r3, .L4+4	@ tmp151,
  97 0036 181C     		mov	r0, r3	@, tmp151
  98 0038 FFF7FEFF 		bl	ADC_DeInit	@
  24:.\src/adc.c   **** 
  25:.\src/adc.c   **** 	  /* Initialize ADC structure */
  26:.\src/adc.c   **** 	  ADC_StructInit(&ADC_InitStructure);
  99              		.loc 1 26 0
 100 003c 01AB     		add	r3, sp, #4	@ tmp152,,
 101 003e 181C     		mov	r0, r3	@, tmp152
 102 0040 FFF7FEFF 		bl	ADC_StructInit	@
  27:.\src/adc.c   **** 
  28:.\src/adc.c   **** 	  /* Configure the ADC1 in continuous mode with a resolution equal to 12 bits  */
  29:.\src/adc.c   **** 	  ADC_InitStructure.ADC_Resolution = ADC_Resolution_12b;
 103              		.loc 1 29 0
 104 0044 01AB     		add	r3, sp, #4	@ tmp153,,
 105 0046 0022     		mov	r2, #0	@ tmp154,
 106 0048 1A60     		str	r2, [r3]	@ tmp154, ADC_InitStructure.ADC_Resolution
  30:.\src/adc.c   **** 	  ADC_InitStructure.ADC_ContinuousConvMode = DISABLE;
 107              		.loc 1 30 0
 108 004a 01AB     		add	r3, sp, #4	@ tmp155,,
 109 004c 0022     		mov	r2, #0	@ tmp156,
 110 004e 1A71     		strb	r2, [r3, #4]	@ tmp157, ADC_InitStructure.ADC_ContinuousConvMode
  31:.\src/adc.c   **** 	  ADC_InitStructure.ADC_ExternalTrigConvEdge = ADC_ExternalTrigConvEdge_None;
 111              		.loc 1 31 0
 112 0050 01AB     		add	r3, sp, #4	@ tmp158,,
 113 0052 0022     		mov	r2, #0	@ tmp159,
 114 0054 9A60     		str	r2, [r3, #8]	@ tmp159, ADC_InitStructure.ADC_ExternalTrigConvEdge
  32:.\src/adc.c   **** 	  ADC_InitStructure.ADC_DataAlign = ADC_DataAlign_Right;
 115              		.loc 1 32 0
 116 0056 01AB     		add	r3, sp, #4	@ tmp160,,
 117 0058 0022     		mov	r2, #0	@ tmp161,
 118 005a 1A61     		str	r2, [r3, #16]	@ tmp161, ADC_InitStructure.ADC_DataAlign
  33:.\src/adc.c   **** 	  ADC_InitStructure.ADC_ScanDirection = ADC_ScanDirection_Upward;
 119              		.loc 1 33 0
 120 005c 01AB     		add	r3, sp, #4	@ tmp162,,
 121 005e 0022     		mov	r2, #0	@ tmp163,
 122 0060 5A61     		str	r2, [r3, #20]	@ tmp163, ADC_InitStructure.ADC_ScanDirection
  34:.\src/adc.c   **** 	  ADC_Init(ADC1, &ADC_InitStructure);
 123              		.loc 1 34 0
 124 0062 0E4A     		ldr	r2, .L4+4	@ tmp164,
 125 0064 01AB     		add	r3, sp, #4	@ tmp165,,
 126 0066 101C     		mov	r0, r2	@, tmp164
 127 0068 191C     		mov	r1, r3	@, tmp165
 128 006a FFF7FEFF 		bl	ADC_Init	@
  35:.\src/adc.c   **** 
  36:.\src/adc.c   **** 	//software by setting bit ADCAL=1.
  37:.\src/adc.c   **** 	//Calibration can only be initiated when the ADC is disabled (when ADEN=0).
  38:.\src/adc.c   **** 	//ADCAL bit stays at 1 during all the calibration sequence.
  39:.\src/adc.c   **** 	//It is then cleared by hardware as soon the calibration completes
  40:.\src/adc.c   **** 	cal = ADC_GetCalibrationFactor(ADC1);
 129              		.loc 1 40 0
 130 006e 0B4B     		ldr	r3, .L4+4	@ tmp166,
 131 0070 181C     		mov	r0, r3	@, tmp166
ARM GAS  C:\Users\Mariano\AppData\Local\Temp\ccSwzN0K.s 			page 4


 132 0072 FFF7FEFF 		bl	ADC_GetCalibrationFactor	@
 133 0076 021C     		mov	r2, r0	@ D.4778,
 134 0078 6B46     		mov	r3, sp	@ tmp167,
 135 007a 1E33     		add	r3, r3, #30	@ tmp167,
 136 007c 1A80     		strh	r2, [r3]	@ tmp168, cal
  41:.\src/adc.c   **** 
  42:.\src/adc.c   **** 	// Enable ADC1
  43:.\src/adc.c   **** 	ADC_Cmd(ADC1, ENABLE);
 137              		.loc 1 43 0
 138 007e 074B     		ldr	r3, .L4+4	@ tmp169,
 139 0080 181C     		mov	r0, r3	@, tmp169
 140 0082 0121     		mov	r1, #1	@,
 141 0084 FFF7FEFF 		bl	ADC_Cmd	@
  44:.\src/adc.c   **** 
  45:.\src/adc.c   **** 	SetADC1_SampleTime ();
 142              		.loc 1 45 0
 143 0088 FFF7FEFF 		bl	SetADC1_SampleTime	@
  46:.\src/adc.c   **** 
  47:.\src/adc.c   **** 	return cal;
 144              		.loc 1 47 0
 145 008c 6B46     		mov	r3, sp	@ tmp170,
 146 008e 1E33     		add	r3, r3, #30	@ tmp170,
 147 0090 1B88     		ldrh	r3, [r3]	@ D.4779, cal
  48:.\src/adc.c   **** }
 148              		.loc 1 48 0
 149 0092 181C     		mov	r0, r3	@, <retval>
 150 0094 09B0     		add	sp, sp, #36	@,,
 151              		@ sp needed for prologue	@
 152 0096 00BD     		pop	{pc}
 153              	.L5:
 154              		.align	2
 155              	.L4:
 156 0098 00100240 		.word	1073876992
 157 009c 00240140 		.word	1073816576
 158              		.cfi_endproc
 159              	.LFE20:
 160              		.size	ADC_Conf, .-ADC_Conf
 161              		.section	.text.ReadADC1,"ax",%progbits
 162              		.align	2
 163              		.global	ReadADC1
 164              		.code	16
 165              		.thumb_func
 166              		.type	ReadADC1, %function
 167              	ReadADC1:
 168              	.LFB21:
  49:.\src/adc.c   **** 
  50:.\src/adc.c   **** unsigned short ReadADC1 (unsigned int channel)
  51:.\src/adc.c   **** {
 169              		.loc 1 51 0
 170              		.cfi_startproc
 171 0000 00B5     		push	{lr}	@
 172              	.LCFI2:
 173              		.cfi_def_cfa_offset 4
 174              		.cfi_offset 14, -4
 175 0002 85B0     		sub	sp, sp, #20	@,,
 176              	.LCFI3:
 177              		.cfi_def_cfa_offset 24
ARM GAS  C:\Users\Mariano\AppData\Local\Temp\ccSwzN0K.s 			page 5


 178 0004 0190     		str	r0, [sp, #4]	@ channel, channel
  52:.\src/adc.c   **** 	uint32_t tmpreg = 0;
 179              		.loc 1 52 0
 180 0006 0023     		mov	r3, #0	@ tmp139,
 181 0008 0393     		str	r3, [sp, #12]	@ tmp139, tmpreg
  53:.\src/adc.c   **** 	//GPIOA_PIN4_ON;
  54:.\src/adc.c   **** 	// Set channel and sample time
  55:.\src/adc.c   **** 	//ADC_ChannelConfig(ADC1, channel, ADC_SampleTime_7_5Cycles);	//pifia la medicion 2800 o 3400 en v
  56:.\src/adc.c   **** 	//ADC_ChannelConfig(ADC1, channel, ADC_SampleTime_239_5Cycles);
  57:.\src/adc.c   **** 	//ADC_ChannelConfig(ADC1, ADC_Channel_0, ADC_SampleTime_239_5Cycles);
  58:.\src/adc.c   **** 
  59:.\src/adc.c   **** 	//ADC_ChannelConfig INTERNALS
  60:.\src/adc.c   **** 	/* Configure the ADC Channel */
  61:.\src/adc.c   **** 	ADC1->CHSELR = channel;
 182              		.loc 1 61 0
 183 000a 114B     		ldr	r3, .L9	@ D.4764,
 184 000c 019A     		ldr	r2, [sp, #4]	@ tmp140, channel
 185 000e 9A62     		str	r2, [r3, #40]	@ tmp140, D.4764_2->CHSELR
  62:.\src/adc.c   **** 
  63:.\src/adc.c   **** 	/* Clear the Sampling time Selection bits */
  64:.\src/adc.c   **** 	tmpreg &= ~ADC_SMPR1_SMPR;
 186              		.loc 1 64 0
 187 0010 039B     		ldr	r3, [sp, #12]	@ tmp142, tmpreg
 188 0012 0722     		mov	r2, #7	@ tmp143,
 189 0014 9343     		bic	r3, r2	@ tmp141, tmp143
 190 0016 0393     		str	r3, [sp, #12]	@ tmp141, tmpreg
  65:.\src/adc.c   **** 
  66:.\src/adc.c   **** 	/* Set the ADC Sampling Time register */
  67:.\src/adc.c   **** 	tmpreg |= (uint32_t)ADC_SampleTime_239_5Cycles;
 191              		.loc 1 67 0
 192 0018 039B     		ldr	r3, [sp, #12]	@ tmp145, tmpreg
 193 001a 0722     		mov	r2, #7	@ tmp146,
 194 001c 1343     		orr	r3, r2	@ tmp144, tmp146
 195 001e 0393     		str	r3, [sp, #12]	@ tmp144, tmpreg
  68:.\src/adc.c   **** 
  69:.\src/adc.c   **** 	/* Configure the ADC Sample time register */
  70:.\src/adc.c   **** 	ADC1->SMPR = tmpreg ;
 196              		.loc 1 70 0
 197 0020 0B4B     		ldr	r3, .L9	@ D.4765,
 198 0022 039A     		ldr	r2, [sp, #12]	@ tmp147, tmpreg
 199 0024 5A61     		str	r2, [r3, #20]	@ tmp147, D.4765_6->SMPR
  71:.\src/adc.c   **** 
  72:.\src/adc.c   **** 
  73:.\src/adc.c   **** 	// Start the conversion
  74:.\src/adc.c   **** 	ADC_StartOfConversion(ADC1);
 200              		.loc 1 74 0
 201 0026 0A4B     		ldr	r3, .L9	@ tmp148,
 202 0028 181C     		mov	r0, r3	@, tmp148
 203 002a FFF7FEFF 		bl	ADC_StartOfConversion	@
  75:.\src/adc.c   **** 	// Wait until conversion completion
  76:.\src/adc.c   **** 	while(ADC_GetFlagStatus(ADC1, ADC_FLAG_EOC) == RESET);
 204              		.loc 1 76 0
 205 002e C046     		mov	r8, r8
 206              	.L7:
 207              		.loc 1 76 0 is_stmt 0 discriminator 1
 208 0030 074B     		ldr	r3, .L9	@ tmp149,
 209 0032 181C     		mov	r0, r3	@, tmp149
ARM GAS  C:\Users\Mariano\AppData\Local\Temp\ccSwzN0K.s 			page 6


 210 0034 0421     		mov	r1, #4	@,
 211 0036 FFF7FEFF 		bl	ADC_GetFlagStatus	@
 212 003a 031C     		mov	r3, r0	@ tmp150,
 213 003c 002B     		cmp	r3, #0	@ D.4766,
 214 003e F7D0     		beq	.L7	@,
  77:.\src/adc.c   **** 	// Get the conversion value
  78:.\src/adc.c   **** 	//GPIOA_PIN4_OFF;	//tarda 20us en convertir
  79:.\src/adc.c   **** 	return ADC_GetConversionValue(ADC1);
 215              		.loc 1 79 0 is_stmt 1
 216 0040 034B     		ldr	r3, .L9	@ tmp152,
 217 0042 181C     		mov	r0, r3	@, tmp152
 218 0044 FFF7FEFF 		bl	ADC_GetConversionValue	@
 219 0048 031C     		mov	r3, r0	@ tmp153,
  80:.\src/adc.c   **** }
 220              		.loc 1 80 0
 221 004a 181C     		mov	r0, r3	@, <retval>
 222 004c 05B0     		add	sp, sp, #20	@,,
 223              		@ sp needed for prologue	@
 224 004e 00BD     		pop	{pc}
 225              	.L10:
 226              		.align	2
 227              	.L9:
 228 0050 00240140 		.word	1073816576
 229              		.cfi_endproc
 230              	.LFE21:
 231              		.size	ReadADC1, .-ReadADC1
 232              		.section	.text.SetADC1_SampleTime,"ax",%progbits
 233              		.align	2
 234              		.global	SetADC1_SampleTime
 235              		.code	16
 236              		.thumb_func
 237              		.type	SetADC1_SampleTime, %function
 238              	SetADC1_SampleTime:
 239              	.LFB22:
  81:.\src/adc.c   **** 
  82:.\src/adc.c   **** //Setea el sample time en el ADC
  83:.\src/adc.c   **** void SetADC1_SampleTime (void)
  84:.\src/adc.c   **** {
 240              		.loc 1 84 0
 241              		.cfi_startproc
 242 0000 82B0     		sub	sp, sp, #8	@,,
 243              	.LCFI4:
 244              		.cfi_def_cfa_offset 8
  85:.\src/adc.c   **** 	uint32_t tmpreg = 0;
 245              		.loc 1 85 0
 246 0002 0023     		mov	r3, #0	@ tmp135,
 247 0004 0193     		str	r3, [sp, #4]	@ tmp135, tmpreg
  86:.\src/adc.c   **** 
  87:.\src/adc.c   **** 	/* Clear the Sampling time Selection bits */
  88:.\src/adc.c   **** 	tmpreg &= ~ADC_SMPR1_SMPR;
 248              		.loc 1 88 0
 249 0006 019B     		ldr	r3, [sp, #4]	@ tmp137, tmpreg
 250 0008 0722     		mov	r2, #7	@ tmp138,
 251 000a 9343     		bic	r3, r2	@ tmp136, tmp138
 252 000c 0193     		str	r3, [sp, #4]	@ tmp136, tmpreg
  89:.\src/adc.c   **** 
  90:.\src/adc.c   **** 	/* Set the ADC Sampling Time register */
ARM GAS  C:\Users\Mariano\AppData\Local\Temp\ccSwzN0K.s 			page 7


  91:.\src/adc.c   **** 	tmpreg |= (uint32_t)ADC_SampleTime_239_5Cycles;
 253              		.loc 1 91 0
 254 000e 019B     		ldr	r3, [sp, #4]	@ tmp140, tmpreg
 255 0010 0722     		mov	r2, #7	@ tmp141,
 256 0012 1343     		orr	r3, r2	@ tmp139, tmp141
 257 0014 0193     		str	r3, [sp, #4]	@ tmp139, tmpreg
  92:.\src/adc.c   **** 
  93:.\src/adc.c   **** 	/* Configure the ADC Sample time register */
  94:.\src/adc.c   **** 	ADC1->SMPR = tmpreg ;
 258              		.loc 1 94 0
 259 0016 024B     		ldr	r3, .L12	@ D.4763,
 260 0018 019A     		ldr	r2, [sp, #4]	@ tmp142, tmpreg
 261 001a 5A61     		str	r2, [r3, #20]	@ tmp142, D.4763_4->SMPR
  95:.\src/adc.c   **** }
 262              		.loc 1 95 0
 263 001c 02B0     		add	sp, sp, #8	@,,
 264              		@ sp needed for prologue	@
 265 001e 7047     		bx	lr
 266              	.L13:
 267              		.align	2
 268              	.L12:
 269 0020 00240140 		.word	1073816576
 270              		.cfi_endproc
 271              	.LFE22:
 272              		.size	SetADC1_SampleTime, .-SetADC1_SampleTime
 273              		.section	.text.ReadADC1_SameSampleTime,"ax",%progbits
 274              		.align	2
 275              		.global	ReadADC1_SameSampleTime
 276              		.code	16
 277              		.thumb_func
 278              		.type	ReadADC1_SameSampleTime, %function
 279              	ReadADC1_SameSampleTime:
 280              	.LFB23:
  96:.\src/adc.c   **** 
  97:.\src/adc.c   **** 
  98:.\src/adc.c   **** //lee el ADC sin cambiar el sample time anterior
  99:.\src/adc.c   **** unsigned short ReadADC1_SameSampleTime (unsigned int channel)
 100:.\src/adc.c   **** {
 281              		.loc 1 100 0
 282              		.cfi_startproc
 283 0000 82B0     		sub	sp, sp, #8	@,,
 284              	.LCFI5:
 285              		.cfi_def_cfa_offset 8
 286 0002 0190     		str	r0, [sp, #4]	@ channel, channel
 101:.\src/adc.c   **** 	// Configure the ADC Channel
 102:.\src/adc.c   **** 	ADC1->CHSELR = channel;
 287              		.loc 1 102 0
 288 0004 0A4B     		ldr	r3, .L17	@ D.4751,
 289 0006 019A     		ldr	r2, [sp, #4]	@ tmp146, channel
 290 0008 9A62     		str	r2, [r3, #40]	@ tmp146, D.4751_1->CHSELR
 103:.\src/adc.c   **** 
 104:.\src/adc.c   **** 	// Start the conversion
 105:.\src/adc.c   **** 	ADC1->CR |= (uint32_t)ADC_CR_ADSTART;
 291              		.loc 1 105 0
 292 000a 094B     		ldr	r3, .L17	@ D.4752,
 293 000c 084A     		ldr	r2, .L17	@ D.4753,
 294 000e 9268     		ldr	r2, [r2, #8]	@ D.4754, D.4753_4->CR
ARM GAS  C:\Users\Mariano\AppData\Local\Temp\ccSwzN0K.s 			page 8


 295 0010 0421     		mov	r1, #4	@ tmp147,
 296 0012 0A43     		orr	r2, r1	@ D.4755, tmp147
 297 0014 9A60     		str	r2, [r3, #8]	@ D.4755, D.4752_3->CR
 106:.\src/adc.c   **** 
 107:.\src/adc.c   **** 	// Wait until conversion completion
 108:.\src/adc.c   **** 	while((ADC1->ISR & ADC_ISR_EOC) == 0);
 298              		.loc 1 108 0
 299 0016 C046     		mov	r8, r8
 300              	.L15:
 301              		.loc 1 108 0 is_stmt 0 discriminator 1
 302 0018 054B     		ldr	r3, .L17	@ D.4756,
 303 001a 1A68     		ldr	r2, [r3]	@ D.4757, D.4756_7->ISR
 304 001c 0423     		mov	r3, #4	@ tmp148,
 305 001e 1340     		and	r3, r2	@ D.4758, D.4757
 306 0020 FAD0     		beq	.L15	@,
 109:.\src/adc.c   **** 
 110:.\src/adc.c   **** 	// Get the conversion value
 111:.\src/adc.c   **** 	return (uint16_t) ADC1->DR;
 307              		.loc 1 111 0 is_stmt 1
 308 0022 034B     		ldr	r3, .L17	@ D.4760,
 309 0024 1B6C     		ldr	r3, [r3, #64]	@ D.4761, D.4760_10->DR
 310 0026 9BB2     		uxth	r3, r3	@ D.4759, D.4761
 112:.\src/adc.c   **** }
 311              		.loc 1 112 0
 312 0028 181C     		mov	r0, r3	@, <retval>
 313 002a 02B0     		add	sp, sp, #8	@,,
 314              		@ sp needed for prologue	@
 315 002c 7047     		bx	lr
 316              	.L18:
 317 002e C046     		.align	2
 318              	.L17:
 319 0030 00240140 		.word	1073816576
 320              		.cfi_endproc
 321              	.LFE23:
 322              		.size	ReadADC1_SameSampleTime, .-ReadADC1_SameSampleTime
 323              		.section	.text.ReadADC1Check,"ax",%progbits
 324              		.align	2
 325              		.global	ReadADC1Check
 326              		.code	16
 327              		.thumb_func
 328              		.type	ReadADC1Check, %function
 329              	ReadADC1Check:
 330              	.LFB24:
 113:.\src/adc.c   **** 
 114:.\src/adc.c   **** unsigned short ReadADC1Check (unsigned char channel)
 115:.\src/adc.c   **** {
 331              		.loc 1 115 0
 332              		.cfi_startproc
 333 0000 82B0     		sub	sp, sp, #8	@,,
 334              	.LCFI6:
 335              		.cfi_def_cfa_offset 8
 336 0002 021C     		mov	r2, r0	@ tmp161, channel
 337 0004 6B46     		mov	r3, sp	@ tmp162,
 338 0006 0733     		add	r3, r3, #7	@ tmp162,
 339 0008 1A70     		strb	r2, [r3]	@ tmp163, channel
 116:.\src/adc.c   **** 	if (ADC1->CR & 0x01)			//reviso ADEN
 340              		.loc 1 116 0
ARM GAS  C:\Users\Mariano\AppData\Local\Temp\ccSwzN0K.s 			page 9


 341 000a 204B     		ldr	r3, .L31	@ D.4712,
 342 000c 9A68     		ldr	r2, [r3, #8]	@ D.4713, D.4712_2->CR
 343 000e 0123     		mov	r3, #1	@ tmp164,
 344 0010 1340     		and	r3, r2	@ D.4714, D.4713
 345 0012 01D0     		beq	.L29	@,
 117:.\src/adc.c   **** 		return 0xFFFF;
 346              		.loc 1 117 0
 347 0014 1E4B     		ldr	r3, .L31+4	@ D.4717,
 348 0016 35E0     		b	.L21	@
 349              	.L29:
 118:.\src/adc.c   **** 
 119:.\src/adc.c   **** 	//espero que este listo para convertir
 120:.\src/adc.c   **** 	while ((ADC1->ISR & 0x01) == 0);	//espero ARDY = 1
 350              		.loc 1 120 0
 351 0018 C046     		mov	r8, r8
 352              	.L22:
 353              		.loc 1 120 0 is_stmt 0 discriminator 1
 354 001a 1C4B     		ldr	r3, .L31	@ D.4718,
 355 001c 1A68     		ldr	r2, [r3]	@ D.4719, D.4718_6->ISR
 356 001e 0123     		mov	r3, #1	@ tmp165,
 357 0020 1340     		and	r3, r2	@ D.4720, D.4719
 358 0022 FAD0     		beq	.L22	@,
 121:.\src/adc.c   **** 
 122:.\src/adc.c   **** 	if ((ADC1->CFGR1 & 0x00010000) == 0)			//reviso DISCONTINUOS = 1
 359              		.loc 1 122 0 is_stmt 1
 360 0024 194B     		ldr	r3, .L31	@ D.4721,
 361 0026 DA68     		ldr	r2, [r3, #12]	@ D.4722, D.4721_9->CFGR1
 362 0028 8023     		mov	r3, #128	@ tmp176,
 363 002a 5B02     		lsl	r3, r3, #9	@ tmp166, tmp176,
 364 002c 1340     		and	r3, r2	@ D.4723, D.4722
 365 002e 01D1     		bne	.L23	@,
 123:.\src/adc.c   **** 		return 0xFFFF;
 366              		.loc 1 123 0
 367 0030 174B     		ldr	r3, .L31+4	@ D.4717,
 368 0032 27E0     		b	.L21	@
 369              	.L23:
 124:.\src/adc.c   **** 
 125:.\src/adc.c   **** 	if (ADC1->CFGR1 & 0x00002000)					//reviso CONT = 0
 370              		.loc 1 125 0
 371 0034 154B     		ldr	r3, .L31	@ D.4726,
 372 0036 DA68     		ldr	r2, [r3, #12]	@ D.4727, D.4726_13->CFGR1
 373 0038 8023     		mov	r3, #128	@ tmp175,
 374 003a 9B01     		lsl	r3, r3, #6	@ tmp167, tmp175,
 375 003c 1340     		and	r3, r2	@ D.4728, D.4727
 376 003e 01D0     		beq	.L24	@,
 126:.\src/adc.c   **** 		return 0xFFFF;
 377              		.loc 1 126 0
 378 0040 134B     		ldr	r3, .L31+4	@ D.4717,
 379 0042 1FE0     		b	.L21	@
 380              	.L24:
 127:.\src/adc.c   **** 
 128:.\src/adc.c   **** 	if (ADC1->CFGR1 & 0x00000C00)					//reviso TRIGGER = 00
 381              		.loc 1 128 0
 382 0044 114B     		ldr	r3, .L31	@ D.4731,
 383 0046 DA68     		ldr	r2, [r3, #12]	@ D.4732, D.4731_17->CFGR1
 384 0048 C023     		mov	r3, #192	@ tmp174,
 385 004a 1B01     		lsl	r3, r3, #4	@ tmp168, tmp174,
ARM GAS  C:\Users\Mariano\AppData\Local\Temp\ccSwzN0K.s 			page 10


 386 004c 1340     		and	r3, r2	@ D.4733, D.4732
 387 004e 01D0     		beq	.L25	@,
 129:.\src/adc.c   **** 		return 0xFFFF;
 388              		.loc 1 129 0
 389 0050 0F4B     		ldr	r3, .L31+4	@ D.4717,
 390 0052 17E0     		b	.L21	@
 391              	.L25:
 130:.\src/adc.c   **** 
 131:.\src/adc.c   **** 	if (ADC1->CFGR1 & 0x00000020)					//reviso ALIGN = 0
 392              		.loc 1 131 0
 393 0054 0D4B     		ldr	r3, .L31	@ D.4736,
 394 0056 DA68     		ldr	r2, [r3, #12]	@ D.4737, D.4736_21->CFGR1
 395 0058 2023     		mov	r3, #32	@ tmp169,
 396 005a 1340     		and	r3, r2	@ D.4738, D.4737
 397 005c 01D0     		beq	.L26	@,
 132:.\src/adc.c   **** 		return 0xFFFF;
 398              		.loc 1 132 0
 399 005e 0C4B     		ldr	r3, .L31+4	@ D.4717,
 400 0060 10E0     		b	.L21	@
 401              	.L26:
 133:.\src/adc.c   **** 
 134:.\src/adc.c   **** 	if (ADC1->CFGR1 & 0x00000018)					//reviso RES = 00
 402              		.loc 1 134 0
 403 0062 0A4B     		ldr	r3, .L31	@ D.4741,
 404 0064 DA68     		ldr	r2, [r3, #12]	@ D.4742, D.4741_25->CFGR1
 405 0066 1823     		mov	r3, #24	@ tmp170,
 406 0068 1340     		and	r3, r2	@ D.4743, D.4742
 407 006a 01D0     		beq	.L30	@,
 135:.\src/adc.c   **** 		return 0xFFFF;
 408              		.loc 1 135 0
 409 006c 084B     		ldr	r3, .L31+4	@ D.4717,
 410 006e 09E0     		b	.L21	@
 411              	.L30:
 136:.\src/adc.c   **** 
 137:.\src/adc.c   **** 	//espero que no se este convirtiendo ADCSTART = 0
 138:.\src/adc.c   **** 	while ((ADC1->CR & 0x02) != 0);	//espero ADCSTART = 0
 412              		.loc 1 138 0
 413 0070 C046     		mov	r8, r8
 414              	.L28:
 415              		.loc 1 138 0 is_stmt 0 discriminator 1
 416 0072 064B     		ldr	r3, .L31	@ D.4746,
 417 0074 9A68     		ldr	r2, [r3, #8]	@ D.4747, D.4746_29->CR
 418 0076 0223     		mov	r3, #2	@ tmp171,
 419 0078 1340     		and	r3, r2	@ D.4748, D.4747
 420 007a FAD1     		bne	.L28	@,
 139:.\src/adc.c   **** 
 140:.\src/adc.c   **** 	ADC1->CHSELR = 0x00000001;	//solo convierto CH0
 421              		.loc 1 140 0 is_stmt 1
 422 007c 034B     		ldr	r3, .L31	@ D.4749,
 423 007e 0122     		mov	r2, #1	@ tmp172,
 424 0080 9A62     		str	r2, [r3, #40]	@ tmp172, D.4749_32->CHSELR
 141:.\src/adc.c   **** 
 142:.\src/adc.c   **** 	return 1;
 425              		.loc 1 142 0
 426 0082 0123     		mov	r3, #1	@ D.4717,
 427              	.L21:
 143:.\src/adc.c   **** }
ARM GAS  C:\Users\Mariano\AppData\Local\Temp\ccSwzN0K.s 			page 11


 428              		.loc 1 143 0
 429 0084 181C     		mov	r0, r3	@, <retval>
 430 0086 02B0     		add	sp, sp, #8	@,,
 431              		@ sp needed for prologue	@
 432 0088 7047     		bx	lr
 433              	.L32:
 434 008a C046     		.align	2
 435              	.L31:
 436 008c 00240140 		.word	1073816576
 437 0090 FFFF0000 		.word	65535
 438              		.cfi_endproc
 439              	.LFE24:
 440              		.size	ReadADC1Check, .-ReadADC1Check
 441              		.text
 442              	.Letext0:
 443              		.file 2 "c:\\program files (x86)\\gnu tools arm embedded\\4.7 2013q2\\bin\\../lib/gcc/arm-none-eab
 444              		.file 3 ".\\cmsis_boot/stm32f0xx.h"
 445              		.file 4 "..\\STM32F0xx_StdPeriph_Lib_V1.3.1\\Libraries\\STM32F0xx_StdPeriph_Driver\\inc/stm32f0xx_
 446              		.section	.debug_info,"",%progbits
 447              	.Ldebug_info0:
 448 0000 F0030000 		.4byte	0x3f0
 449 0004 0200     		.2byte	0x2
 450 0006 00000000 		.4byte	.Ldebug_abbrev0
 451 000a 04       		.byte	0x4
 452 000b 01       		.uleb128 0x1
 453 000c 48010000 		.4byte	.LASF50
 454 0010 01       		.byte	0x1
 455 0011 00000000 		.4byte	.LASF51
 456 0015 98000000 		.4byte	.LASF52
 457 0019 00000000 		.4byte	.Ldebug_ranges0+0
 458 001d 00000000 		.4byte	0
 459 0021 00000000 		.4byte	0
 460 0025 00000000 		.4byte	.Ldebug_line0
 461 0029 02       		.uleb128 0x2
 462 002a 01       		.byte	0x1
 463 002b 06       		.byte	0x6
 464 002c 53000000 		.4byte	.LASF0
 465 0030 02       		.uleb128 0x2
 466 0031 01       		.byte	0x1
 467 0032 08       		.byte	0x8
 468 0033 20020000 		.4byte	.LASF1
 469 0037 02       		.uleb128 0x2
 470 0038 02       		.byte	0x2
 471 0039 05       		.byte	0x5
 472 003a 2E020000 		.4byte	.LASF2
 473 003e 03       		.uleb128 0x3
 474 003f E5000000 		.4byte	.LASF5
 475 0043 02       		.byte	0x2
 476 0044 36       		.byte	0x36
 477 0045 49000000 		.4byte	0x49
 478 0049 02       		.uleb128 0x2
 479 004a 02       		.byte	0x2
 480 004b 07       		.byte	0x7
 481 004c 2E010000 		.4byte	.LASF3
 482 0050 02       		.uleb128 0x2
 483 0051 04       		.byte	0x4
 484 0052 05       		.byte	0x5
ARM GAS  C:\Users\Mariano\AppData\Local\Temp\ccSwzN0K.s 			page 12


 485 0053 86000000 		.4byte	.LASF4
 486 0057 03       		.uleb128 0x3
 487 0058 7F020000 		.4byte	.LASF6
 488 005c 02       		.byte	0x2
 489 005d 50       		.byte	0x50
 490 005e 62000000 		.4byte	0x62
 491 0062 02       		.uleb128 0x2
 492 0063 04       		.byte	0x4
 493 0064 07       		.byte	0x7
 494 0065 10010000 		.4byte	.LASF7
 495 0069 02       		.uleb128 0x2
 496 006a 08       		.byte	0x8
 497 006b 05       		.byte	0x5
 498 006c 45000000 		.4byte	.LASF8
 499 0070 02       		.uleb128 0x2
 500 0071 08       		.byte	0x8
 501 0072 07       		.byte	0x7
 502 0073 29000000 		.4byte	.LASF9
 503 0077 04       		.uleb128 0x4
 504 0078 04       		.byte	0x4
 505 0079 05       		.byte	0x5
 506 007a 696E7400 		.ascii	"int\000"
 507 007e 02       		.uleb128 0x2
 508 007f 04       		.byte	0x4
 509 0080 07       		.byte	0x7
 510 0081 03010000 		.4byte	.LASF10
 511 0085 02       		.uleb128 0x2
 512 0086 04       		.byte	0x4
 513 0087 07       		.byte	0x7
 514 0088 91010000 		.4byte	.LASF11
 515 008c 05       		.uleb128 0x5
 516 008d 57000000 		.4byte	0x57
 517 0091 06       		.uleb128 0x6
 518 0092 01       		.byte	0x1
 519 0093 03       		.byte	0x3
 520 0094 6D01     		.2byte	0x16d
 521 0096 A7000000 		.4byte	0xa7
 522 009a 07       		.uleb128 0x7
 523 009b 1A020000 		.4byte	.LASF12
 524 009f 00       		.sleb128 0
 525 00a0 08       		.uleb128 0x8
 526 00a1 53455400 		.ascii	"SET\000"
 527 00a5 01       		.sleb128 1
 528 00a6 00       		.byte	0
 529 00a7 06       		.uleb128 0x6
 530 00a8 01       		.byte	0x1
 531 00a9 03       		.byte	0x3
 532 00aa 6F01     		.2byte	0x16f
 533 00ac BD000000 		.4byte	0xbd
 534 00b0 07       		.uleb128 0x7
 535 00b1 21000000 		.4byte	.LASF13
 536 00b5 00       		.sleb128 0
 537 00b6 07       		.uleb128 0x7
 538 00b7 DE000000 		.4byte	.LASF14
 539 00bb 01       		.sleb128 1
 540 00bc 00       		.byte	0
 541 00bd 09       		.uleb128 0x9
ARM GAS  C:\Users\Mariano\AppData\Local\Temp\ccSwzN0K.s 			page 13


 542 00be BF010000 		.4byte	.LASF15
 543 00c2 03       		.byte	0x3
 544 00c3 6F01     		.2byte	0x16f
 545 00c5 A7000000 		.4byte	0xa7
 546 00c9 0A       		.uleb128 0xa
 547 00ca 44       		.byte	0x44
 548 00cb 03       		.byte	0x3
 549 00cc 7C01     		.2byte	0x17c
 550 00ce 93010000 		.4byte	0x193
 551 00d2 0B       		.uleb128 0xb
 552 00d3 49535200 		.ascii	"ISR\000"
 553 00d7 03       		.byte	0x3
 554 00d8 7E01     		.2byte	0x17e
 555 00da 8C000000 		.4byte	0x8c
 556 00de 02       		.byte	0x2
 557 00df 23       		.byte	0x23
 558 00e0 00       		.uleb128 0
 559 00e1 0B       		.uleb128 0xb
 560 00e2 49455200 		.ascii	"IER\000"
 561 00e6 03       		.byte	0x3
 562 00e7 7F01     		.2byte	0x17f
 563 00e9 8C000000 		.4byte	0x8c
 564 00ed 02       		.byte	0x2
 565 00ee 23       		.byte	0x23
 566 00ef 04       		.uleb128 0x4
 567 00f0 0B       		.uleb128 0xb
 568 00f1 435200   		.ascii	"CR\000"
 569 00f4 03       		.byte	0x3
 570 00f5 8001     		.2byte	0x180
 571 00f7 8C000000 		.4byte	0x8c
 572 00fb 02       		.byte	0x2
 573 00fc 23       		.byte	0x23
 574 00fd 08       		.uleb128 0x8
 575 00fe 0C       		.uleb128 0xc
 576 00ff BB020000 		.4byte	.LASF16
 577 0103 03       		.byte	0x3
 578 0104 8101     		.2byte	0x181
 579 0106 8C000000 		.4byte	0x8c
 580 010a 02       		.byte	0x2
 581 010b 23       		.byte	0x23
 582 010c 0C       		.uleb128 0xc
 583 010d 0C       		.uleb128 0xc
 584 010e C1020000 		.4byte	.LASF17
 585 0112 03       		.byte	0x3
 586 0113 8201     		.2byte	0x182
 587 0115 8C000000 		.4byte	0x8c
 588 0119 02       		.byte	0x2
 589 011a 23       		.byte	0x23
 590 011b 10       		.uleb128 0x10
 591 011c 0C       		.uleb128 0xc
 592 011d 40000000 		.4byte	.LASF18
 593 0121 03       		.byte	0x3
 594 0122 8301     		.2byte	0x183
 595 0124 8C000000 		.4byte	0x8c
 596 0128 02       		.byte	0x2
 597 0129 23       		.byte	0x23
 598 012a 14       		.uleb128 0x14
ARM GAS  C:\Users\Mariano\AppData\Local\Temp\ccSwzN0K.s 			page 14


 599 012b 0C       		.uleb128 0xc
 600 012c F2010000 		.4byte	.LASF19
 601 0130 03       		.byte	0x3
 602 0131 8401     		.2byte	0x184
 603 0133 57000000 		.4byte	0x57
 604 0137 02       		.byte	0x2
 605 0138 23       		.byte	0x23
 606 0139 18       		.uleb128 0x18
 607 013a 0C       		.uleb128 0xc
 608 013b FC010000 		.4byte	.LASF20
 609 013f 03       		.byte	0x3
 610 0140 8501     		.2byte	0x185
 611 0142 57000000 		.4byte	0x57
 612 0146 02       		.byte	0x2
 613 0147 23       		.byte	0x23
 614 0148 1C       		.uleb128 0x1c
 615 0149 0B       		.uleb128 0xb
 616 014a 545200   		.ascii	"TR\000"
 617 014d 03       		.byte	0x3
 618 014e 8601     		.2byte	0x186
 619 0150 8C000000 		.4byte	0x8c
 620 0154 02       		.byte	0x2
 621 0155 23       		.byte	0x23
 622 0156 20       		.uleb128 0x20
 623 0157 0C       		.uleb128 0xc
 624 0158 06020000 		.4byte	.LASF21
 625 015c 03       		.byte	0x3
 626 015d 8701     		.2byte	0x187
 627 015f 57000000 		.4byte	0x57
 628 0163 02       		.byte	0x2
 629 0164 23       		.byte	0x23
 630 0165 24       		.uleb128 0x24
 631 0166 0C       		.uleb128 0xc
 632 0167 41010000 		.4byte	.LASF22
 633 016b 03       		.byte	0x3
 634 016c 8801     		.2byte	0x188
 635 016e 8C000000 		.4byte	0x8c
 636 0172 02       		.byte	0x2
 637 0173 23       		.byte	0x23
 638 0174 28       		.uleb128 0x28
 639 0175 0C       		.uleb128 0xc
 640 0176 10020000 		.4byte	.LASF23
 641 017a 03       		.byte	0x3
 642 017b 8901     		.2byte	0x189
 643 017d 93010000 		.4byte	0x193
 644 0181 02       		.byte	0x2
 645 0182 23       		.byte	0x23
 646 0183 2C       		.uleb128 0x2c
 647 0184 0B       		.uleb128 0xb
 648 0185 445200   		.ascii	"DR\000"
 649 0188 03       		.byte	0x3
 650 0189 8A01     		.2byte	0x18a
 651 018b 8C000000 		.4byte	0x8c
 652 018f 02       		.byte	0x2
 653 0190 23       		.byte	0x23
 654 0191 40       		.uleb128 0x40
 655 0192 00       		.byte	0
ARM GAS  C:\Users\Mariano\AppData\Local\Temp\ccSwzN0K.s 			page 15


 656 0193 0D       		.uleb128 0xd
 657 0194 57000000 		.4byte	0x57
 658 0198 A3010000 		.4byte	0x1a3
 659 019c 0E       		.uleb128 0xe
 660 019d 85000000 		.4byte	0x85
 661 01a1 04       		.byte	0x4
 662 01a2 00       		.byte	0
 663 01a3 09       		.uleb128 0x9
 664 01a4 EE000000 		.4byte	.LASF24
 665 01a8 03       		.byte	0x3
 666 01a9 8B01     		.2byte	0x18b
 667 01ab C9000000 		.4byte	0xc9
 668 01af 0A       		.uleb128 0xa
 669 01b0 38       		.byte	0x38
 670 01b1 03       		.byte	0x3
 671 01b2 B502     		.2byte	0x2b5
 672 01b4 8A020000 		.4byte	0x28a
 673 01b8 0B       		.uleb128 0xb
 674 01b9 435200   		.ascii	"CR\000"
 675 01bc 03       		.byte	0x3
 676 01bd B702     		.2byte	0x2b7
 677 01bf 8C000000 		.4byte	0x8c
 678 01c3 02       		.byte	0x2
 679 01c4 23       		.byte	0x23
 680 01c5 00       		.uleb128 0
 681 01c6 0C       		.uleb128 0xc
 682 01c7 CD020000 		.4byte	.LASF25
 683 01cb 03       		.byte	0x3
 684 01cc B802     		.2byte	0x2b8
 685 01ce 8C000000 		.4byte	0x8c
 686 01d2 02       		.byte	0x2
 687 01d3 23       		.byte	0x23
 688 01d4 04       		.uleb128 0x4
 689 01d5 0B       		.uleb128 0xb
 690 01d6 43495200 		.ascii	"CIR\000"
 691 01da 03       		.byte	0x3
 692 01db B902     		.2byte	0x2b9
 693 01dd 8C000000 		.4byte	0x8c
 694 01e1 02       		.byte	0x2
 695 01e2 23       		.byte	0x23
 696 01e3 08       		.uleb128 0x8
 697 01e4 0C       		.uleb128 0xc
 698 01e5 8F000000 		.4byte	.LASF26
 699 01e9 03       		.byte	0x3
 700 01ea BA02     		.2byte	0x2ba
 701 01ec 8C000000 		.4byte	0x8c
 702 01f0 02       		.byte	0x2
 703 01f1 23       		.byte	0x23
 704 01f2 0C       		.uleb128 0xc
 705 01f3 0C       		.uleb128 0xc
 706 01f4 D7010000 		.4byte	.LASF27
 707 01f8 03       		.byte	0x3
 708 01f9 BB02     		.2byte	0x2bb
 709 01fb 8C000000 		.4byte	0x8c
 710 01ff 02       		.byte	0x2
 711 0200 23       		.byte	0x23
 712 0201 10       		.uleb128 0x10
ARM GAS  C:\Users\Mariano\AppData\Local\Temp\ccSwzN0K.s 			page 16


 713 0202 0C       		.uleb128 0xc
 714 0203 E1020000 		.4byte	.LASF28
 715 0207 03       		.byte	0x3
 716 0208 BC02     		.2byte	0x2bc
 717 020a 8C000000 		.4byte	0x8c
 718 020e 02       		.byte	0x2
 719 020f 23       		.byte	0x23
 720 0210 14       		.uleb128 0x14
 721 0211 0C       		.uleb128 0xc
 722 0212 5F020000 		.4byte	.LASF29
 723 0216 03       		.byte	0x3
 724 0217 BD02     		.2byte	0x2bd
 725 0219 8C000000 		.4byte	0x8c
 726 021d 02       		.byte	0x2
 727 021e 23       		.byte	0x23
 728 021f 18       		.uleb128 0x18
 729 0220 0C       		.uleb128 0xc
 730 0221 AE020000 		.4byte	.LASF30
 731 0225 03       		.byte	0x3
 732 0226 BE02     		.2byte	0x2be
 733 0228 8C000000 		.4byte	0x8c
 734 022c 02       		.byte	0x2
 735 022d 23       		.byte	0x23
 736 022e 1C       		.uleb128 0x1c
 737 022f 0C       		.uleb128 0xc
 738 0230 B6020000 		.4byte	.LASF31
 739 0234 03       		.byte	0x3
 740 0235 BF02     		.2byte	0x2bf
 741 0237 8C000000 		.4byte	0x8c
 742 023b 02       		.byte	0x2
 743 023c 23       		.byte	0x23
 744 023d 20       		.uleb128 0x20
 745 023e 0B       		.uleb128 0xb
 746 023f 43535200 		.ascii	"CSR\000"
 747 0243 03       		.byte	0x3
 748 0244 C002     		.2byte	0x2c0
 749 0246 8C000000 		.4byte	0x8c
 750 024a 02       		.byte	0x2
 751 024b 23       		.byte	0x23
 752 024c 24       		.uleb128 0x24
 753 024d 0C       		.uleb128 0xc
 754 024e CF010000 		.4byte	.LASF32
 755 0252 03       		.byte	0x3
 756 0253 C102     		.2byte	0x2c1
 757 0255 8C000000 		.4byte	0x8c
 758 0259 02       		.byte	0x2
 759 025a 23       		.byte	0x23
 760 025b 28       		.uleb128 0x28
 761 025c 0C       		.uleb128 0xc
 762 025d C1020000 		.4byte	.LASF17
 763 0261 03       		.byte	0x3
 764 0262 C202     		.2byte	0x2c2
 765 0264 8C000000 		.4byte	0x8c
 766 0268 02       		.byte	0x2
 767 0269 23       		.byte	0x23
 768 026a 2C       		.uleb128 0x2c
 769 026b 0C       		.uleb128 0xc
ARM GAS  C:\Users\Mariano\AppData\Local\Temp\ccSwzN0K.s 			page 17


 770 026c C7020000 		.4byte	.LASF33
 771 0270 03       		.byte	0x3
 772 0271 C302     		.2byte	0x2c3
 773 0273 8C000000 		.4byte	0x8c
 774 0277 02       		.byte	0x2
 775 0278 23       		.byte	0x23
 776 0279 30       		.uleb128 0x30
 777 027a 0B       		.uleb128 0xb
 778 027b 43523200 		.ascii	"CR2\000"
 779 027f 03       		.byte	0x3
 780 0280 C402     		.2byte	0x2c4
 781 0282 8C000000 		.4byte	0x8c
 782 0286 02       		.byte	0x2
 783 0287 23       		.byte	0x23
 784 0288 34       		.uleb128 0x34
 785 0289 00       		.byte	0
 786 028a 09       		.uleb128 0x9
 787 028b 22010000 		.4byte	.LASF34
 788 028f 03       		.byte	0x3
 789 0290 C502     		.2byte	0x2c5
 790 0292 AF010000 		.4byte	0x1af
 791 0296 0F       		.uleb128 0xf
 792 0297 18       		.byte	0x18
 793 0298 04       		.byte	0x4
 794 0299 36       		.byte	0x36
 795 029a F3020000 		.4byte	0x2f3
 796 029e 10       		.uleb128 0x10
 797 029f D2020000 		.4byte	.LASF35
 798 02a3 04       		.byte	0x4
 799 02a4 38       		.byte	0x38
 800 02a5 57000000 		.4byte	0x57
 801 02a9 02       		.byte	0x2
 802 02aa 23       		.byte	0x23
 803 02ab 00       		.uleb128 0
 804 02ac 10       		.uleb128 0x10
 805 02ad 6F000000 		.4byte	.LASF36
 806 02b1 04       		.byte	0x4
 807 02b2 3B       		.byte	0x3b
 808 02b3 BD000000 		.4byte	0xbd
 809 02b7 02       		.byte	0x2
 810 02b8 23       		.byte	0x23
 811 02b9 04       		.uleb128 0x4
 812 02ba 10       		.uleb128 0x10
 813 02bb 38020000 		.4byte	.LASF37
 814 02bf 04       		.byte	0x4
 815 02c0 3F       		.byte	0x3f
 816 02c1 57000000 		.4byte	0x57
 817 02c5 02       		.byte	0x2
 818 02c6 23       		.byte	0x23
 819 02c7 08       		.uleb128 0x8
 820 02c8 10       		.uleb128 0x10
 821 02c9 0C000000 		.4byte	.LASF38
 822 02cd 04       		.byte	0x4
 823 02ce 43       		.byte	0x43
 824 02cf 57000000 		.4byte	0x57
 825 02d3 02       		.byte	0x2
 826 02d4 23       		.byte	0x23
ARM GAS  C:\Users\Mariano\AppData\Local\Temp\ccSwzN0K.s 			page 18


 827 02d5 0C       		.uleb128 0xc
 828 02d6 10       		.uleb128 0x10
 829 02d7 88020000 		.4byte	.LASF39
 830 02db 04       		.byte	0x4
 831 02dc 47       		.byte	0x47
 832 02dd 57000000 		.4byte	0x57
 833 02e1 02       		.byte	0x2
 834 02e2 23       		.byte	0x23
 835 02e3 10       		.uleb128 0x10
 836 02e4 10       		.uleb128 0x10
 837 02e5 E0010000 		.4byte	.LASF40
 838 02e9 04       		.byte	0x4
 839 02ea 4A       		.byte	0x4a
 840 02eb 57000000 		.4byte	0x57
 841 02ef 02       		.byte	0x2
 842 02f0 23       		.byte	0x23
 843 02f1 14       		.uleb128 0x14
 844 02f2 00       		.byte	0
 845 02f3 03       		.uleb128 0x3
 846 02f4 6F020000 		.4byte	.LASF41
 847 02f8 04       		.byte	0x4
 848 02f9 4D       		.byte	0x4d
 849 02fa 96020000 		.4byte	0x296
 850 02fe 11       		.uleb128 0x11
 851 02ff 01       		.byte	0x1
 852 0300 66000000 		.4byte	.LASF43
 853 0304 01       		.byte	0x1
 854 0305 0B       		.byte	0xb
 855 0306 01       		.byte	0x1
 856 0307 49000000 		.4byte	0x49
 857 030b 00000000 		.4byte	.LFB20
 858 030f A0000000 		.4byte	.LFE20
 859 0313 00000000 		.4byte	.LLST0
 860 0317 01       		.byte	0x1
 861 0318 39030000 		.4byte	0x339
 862 031c 12       		.uleb128 0x12
 863 031d 63616C00 		.ascii	"cal\000"
 864 0321 01       		.byte	0x1
 865 0322 0D       		.byte	0xd
 866 0323 49000000 		.4byte	0x49
 867 0327 02       		.byte	0x2
 868 0328 91       		.byte	0x91
 869 0329 76       		.sleb128 -10
 870 032a 13       		.uleb128 0x13
 871 032b 9A010000 		.4byte	.LASF42
 872 032f 01       		.byte	0x1
 873 0330 0E       		.byte	0xe
 874 0331 F3020000 		.4byte	0x2f3
 875 0335 02       		.byte	0x2
 876 0336 91       		.byte	0x91
 877 0337 5C       		.sleb128 -36
 878 0338 00       		.byte	0
 879 0339 11       		.uleb128 0x11
 880 033a 01       		.byte	0x1
 881 033b FA000000 		.4byte	.LASF44
 882 033f 01       		.byte	0x1
 883 0340 32       		.byte	0x32
ARM GAS  C:\Users\Mariano\AppData\Local\Temp\ccSwzN0K.s 			page 19


 884 0341 01       		.byte	0x1
 885 0342 49000000 		.4byte	0x49
 886 0346 00000000 		.4byte	.LFB21
 887 034a 54000000 		.4byte	.LFE21
 888 034e 2C000000 		.4byte	.LLST1
 889 0352 01       		.byte	0x1
 890 0353 74030000 		.4byte	0x374
 891 0357 14       		.uleb128 0x14
 892 0358 67020000 		.4byte	.LASF47
 893 035c 01       		.byte	0x1
 894 035d 32       		.byte	0x32
 895 035e 7E000000 		.4byte	0x7e
 896 0362 02       		.byte	0x2
 897 0363 91       		.byte	0x91
 898 0364 6C       		.sleb128 -20
 899 0365 13       		.uleb128 0x13
 900 0366 5F000000 		.4byte	.LASF45
 901 036a 01       		.byte	0x1
 902 036b 34       		.byte	0x34
 903 036c 57000000 		.4byte	0x57
 904 0370 02       		.byte	0x2
 905 0371 91       		.byte	0x91
 906 0372 74       		.sleb128 -12
 907 0373 00       		.byte	0
 908 0374 15       		.uleb128 0x15
 909 0375 01       		.byte	0x1
 910 0376 AC010000 		.4byte	.LASF48
 911 037a 01       		.byte	0x1
 912 037b 53       		.byte	0x53
 913 037c 01       		.byte	0x1
 914 037d 00000000 		.4byte	.LFB22
 915 0381 24000000 		.4byte	.LFE22
 916 0385 58000000 		.4byte	.LLST2
 917 0389 01       		.byte	0x1
 918 038a 9D030000 		.4byte	0x39d
 919 038e 13       		.uleb128 0x13
 920 038f 5F000000 		.4byte	.LASF45
 921 0393 01       		.byte	0x1
 922 0394 55       		.byte	0x55
 923 0395 57000000 		.4byte	0x57
 924 0399 02       		.byte	0x2
 925 039a 91       		.byte	0x91
 926 039b 7C       		.sleb128 -4
 927 039c 00       		.byte	0
 928 039d 16       		.uleb128 0x16
 929 039e 01       		.byte	0x1
 930 039f 96020000 		.4byte	.LASF46
 931 03a3 01       		.byte	0x1
 932 03a4 63       		.byte	0x63
 933 03a5 01       		.byte	0x1
 934 03a6 49000000 		.4byte	0x49
 935 03aa 00000000 		.4byte	.LFB23
 936 03ae 34000000 		.4byte	.LFE23
 937 03b2 78000000 		.4byte	.LLST3
 938 03b6 01       		.byte	0x1
 939 03b7 CA030000 		.4byte	0x3ca
 940 03bb 14       		.uleb128 0x14
ARM GAS  C:\Users\Mariano\AppData\Local\Temp\ccSwzN0K.s 			page 20


 941 03bc 67020000 		.4byte	.LASF47
 942 03c0 01       		.byte	0x1
 943 03c1 63       		.byte	0x63
 944 03c2 7E000000 		.4byte	0x7e
 945 03c6 02       		.byte	0x2
 946 03c7 91       		.byte	0x91
 947 03c8 7C       		.sleb128 -4
 948 03c9 00       		.byte	0
 949 03ca 17       		.uleb128 0x17
 950 03cb 01       		.byte	0x1
 951 03cc 51020000 		.4byte	.LASF49
 952 03d0 01       		.byte	0x1
 953 03d1 72       		.byte	0x72
 954 03d2 01       		.byte	0x1
 955 03d3 49000000 		.4byte	0x49
 956 03d7 00000000 		.4byte	.LFB24
 957 03db 94000000 		.4byte	.LFE24
 958 03df 98000000 		.4byte	.LLST4
 959 03e3 01       		.byte	0x1
 960 03e4 14       		.uleb128 0x14
 961 03e5 67020000 		.4byte	.LASF47
 962 03e9 01       		.byte	0x1
 963 03ea 72       		.byte	0x72
 964 03eb 30000000 		.4byte	0x30
 965 03ef 02       		.byte	0x2
 966 03f0 91       		.byte	0x91
 967 03f1 7F       		.sleb128 -1
 968 03f2 00       		.byte	0
 969 03f3 00       		.byte	0
 970              		.section	.debug_abbrev,"",%progbits
 971              	.Ldebug_abbrev0:
 972 0000 01       		.uleb128 0x1
 973 0001 11       		.uleb128 0x11
 974 0002 01       		.byte	0x1
 975 0003 25       		.uleb128 0x25
 976 0004 0E       		.uleb128 0xe
 977 0005 13       		.uleb128 0x13
 978 0006 0B       		.uleb128 0xb
 979 0007 03       		.uleb128 0x3
 980 0008 0E       		.uleb128 0xe
 981 0009 1B       		.uleb128 0x1b
 982 000a 0E       		.uleb128 0xe
 983 000b 55       		.uleb128 0x55
 984 000c 06       		.uleb128 0x6
 985 000d 11       		.uleb128 0x11
 986 000e 01       		.uleb128 0x1
 987 000f 52       		.uleb128 0x52
 988 0010 01       		.uleb128 0x1
 989 0011 10       		.uleb128 0x10
 990 0012 06       		.uleb128 0x6
 991 0013 00       		.byte	0
 992 0014 00       		.byte	0
 993 0015 02       		.uleb128 0x2
 994 0016 24       		.uleb128 0x24
 995 0017 00       		.byte	0
 996 0018 0B       		.uleb128 0xb
 997 0019 0B       		.uleb128 0xb
ARM GAS  C:\Users\Mariano\AppData\Local\Temp\ccSwzN0K.s 			page 21


 998 001a 3E       		.uleb128 0x3e
 999 001b 0B       		.uleb128 0xb
 1000 001c 03       		.uleb128 0x3
 1001 001d 0E       		.uleb128 0xe
 1002 001e 00       		.byte	0
 1003 001f 00       		.byte	0
 1004 0020 03       		.uleb128 0x3
 1005 0021 16       		.uleb128 0x16
 1006 0022 00       		.byte	0
 1007 0023 03       		.uleb128 0x3
 1008 0024 0E       		.uleb128 0xe
 1009 0025 3A       		.uleb128 0x3a
 1010 0026 0B       		.uleb128 0xb
 1011 0027 3B       		.uleb128 0x3b
 1012 0028 0B       		.uleb128 0xb
 1013 0029 49       		.uleb128 0x49
 1014 002a 13       		.uleb128 0x13
 1015 002b 00       		.byte	0
 1016 002c 00       		.byte	0
 1017 002d 04       		.uleb128 0x4
 1018 002e 24       		.uleb128 0x24
 1019 002f 00       		.byte	0
 1020 0030 0B       		.uleb128 0xb
 1021 0031 0B       		.uleb128 0xb
 1022 0032 3E       		.uleb128 0x3e
 1023 0033 0B       		.uleb128 0xb
 1024 0034 03       		.uleb128 0x3
 1025 0035 08       		.uleb128 0x8
 1026 0036 00       		.byte	0
 1027 0037 00       		.byte	0
 1028 0038 05       		.uleb128 0x5
 1029 0039 35       		.uleb128 0x35
 1030 003a 00       		.byte	0
 1031 003b 49       		.uleb128 0x49
 1032 003c 13       		.uleb128 0x13
 1033 003d 00       		.byte	0
 1034 003e 00       		.byte	0
 1035 003f 06       		.uleb128 0x6
 1036 0040 04       		.uleb128 0x4
 1037 0041 01       		.byte	0x1
 1038 0042 0B       		.uleb128 0xb
 1039 0043 0B       		.uleb128 0xb
 1040 0044 3A       		.uleb128 0x3a
 1041 0045 0B       		.uleb128 0xb
 1042 0046 3B       		.uleb128 0x3b
 1043 0047 05       		.uleb128 0x5
 1044 0048 01       		.uleb128 0x1
 1045 0049 13       		.uleb128 0x13
 1046 004a 00       		.byte	0
 1047 004b 00       		.byte	0
 1048 004c 07       		.uleb128 0x7
 1049 004d 28       		.uleb128 0x28
 1050 004e 00       		.byte	0
 1051 004f 03       		.uleb128 0x3
 1052 0050 0E       		.uleb128 0xe
 1053 0051 1C       		.uleb128 0x1c
 1054 0052 0D       		.uleb128 0xd
ARM GAS  C:\Users\Mariano\AppData\Local\Temp\ccSwzN0K.s 			page 22


 1055 0053 00       		.byte	0
 1056 0054 00       		.byte	0
 1057 0055 08       		.uleb128 0x8
 1058 0056 28       		.uleb128 0x28
 1059 0057 00       		.byte	0
 1060 0058 03       		.uleb128 0x3
 1061 0059 08       		.uleb128 0x8
 1062 005a 1C       		.uleb128 0x1c
 1063 005b 0D       		.uleb128 0xd
 1064 005c 00       		.byte	0
 1065 005d 00       		.byte	0
 1066 005e 09       		.uleb128 0x9
 1067 005f 16       		.uleb128 0x16
 1068 0060 00       		.byte	0
 1069 0061 03       		.uleb128 0x3
 1070 0062 0E       		.uleb128 0xe
 1071 0063 3A       		.uleb128 0x3a
 1072 0064 0B       		.uleb128 0xb
 1073 0065 3B       		.uleb128 0x3b
 1074 0066 05       		.uleb128 0x5
 1075 0067 49       		.uleb128 0x49
 1076 0068 13       		.uleb128 0x13
 1077 0069 00       		.byte	0
 1078 006a 00       		.byte	0
 1079 006b 0A       		.uleb128 0xa
 1080 006c 13       		.uleb128 0x13
 1081 006d 01       		.byte	0x1
 1082 006e 0B       		.uleb128 0xb
 1083 006f 0B       		.uleb128 0xb
 1084 0070 3A       		.uleb128 0x3a
 1085 0071 0B       		.uleb128 0xb
 1086 0072 3B       		.uleb128 0x3b
 1087 0073 05       		.uleb128 0x5
 1088 0074 01       		.uleb128 0x1
 1089 0075 13       		.uleb128 0x13
 1090 0076 00       		.byte	0
 1091 0077 00       		.byte	0
 1092 0078 0B       		.uleb128 0xb
 1093 0079 0D       		.uleb128 0xd
 1094 007a 00       		.byte	0
 1095 007b 03       		.uleb128 0x3
 1096 007c 08       		.uleb128 0x8
 1097 007d 3A       		.uleb128 0x3a
 1098 007e 0B       		.uleb128 0xb
 1099 007f 3B       		.uleb128 0x3b
 1100 0080 05       		.uleb128 0x5
 1101 0081 49       		.uleb128 0x49
 1102 0082 13       		.uleb128 0x13
 1103 0083 38       		.uleb128 0x38
 1104 0084 0A       		.uleb128 0xa
 1105 0085 00       		.byte	0
 1106 0086 00       		.byte	0
 1107 0087 0C       		.uleb128 0xc
 1108 0088 0D       		.uleb128 0xd
 1109 0089 00       		.byte	0
 1110 008a 03       		.uleb128 0x3
 1111 008b 0E       		.uleb128 0xe
ARM GAS  C:\Users\Mariano\AppData\Local\Temp\ccSwzN0K.s 			page 23


 1112 008c 3A       		.uleb128 0x3a
 1113 008d 0B       		.uleb128 0xb
 1114 008e 3B       		.uleb128 0x3b
 1115 008f 05       		.uleb128 0x5
 1116 0090 49       		.uleb128 0x49
 1117 0091 13       		.uleb128 0x13
 1118 0092 38       		.uleb128 0x38
 1119 0093 0A       		.uleb128 0xa
 1120 0094 00       		.byte	0
 1121 0095 00       		.byte	0
 1122 0096 0D       		.uleb128 0xd
 1123 0097 01       		.uleb128 0x1
 1124 0098 01       		.byte	0x1
 1125 0099 49       		.uleb128 0x49
 1126 009a 13       		.uleb128 0x13
 1127 009b 01       		.uleb128 0x1
 1128 009c 13       		.uleb128 0x13
 1129 009d 00       		.byte	0
 1130 009e 00       		.byte	0
 1131 009f 0E       		.uleb128 0xe
 1132 00a0 21       		.uleb128 0x21
 1133 00a1 00       		.byte	0
 1134 00a2 49       		.uleb128 0x49
 1135 00a3 13       		.uleb128 0x13
 1136 00a4 2F       		.uleb128 0x2f
 1137 00a5 0B       		.uleb128 0xb
 1138 00a6 00       		.byte	0
 1139 00a7 00       		.byte	0
 1140 00a8 0F       		.uleb128 0xf
 1141 00a9 13       		.uleb128 0x13
 1142 00aa 01       		.byte	0x1
 1143 00ab 0B       		.uleb128 0xb
 1144 00ac 0B       		.uleb128 0xb
 1145 00ad 3A       		.uleb128 0x3a
 1146 00ae 0B       		.uleb128 0xb
 1147 00af 3B       		.uleb128 0x3b
 1148 00b0 0B       		.uleb128 0xb
 1149 00b1 01       		.uleb128 0x1
 1150 00b2 13       		.uleb128 0x13
 1151 00b3 00       		.byte	0
 1152 00b4 00       		.byte	0
 1153 00b5 10       		.uleb128 0x10
 1154 00b6 0D       		.uleb128 0xd
 1155 00b7 00       		.byte	0
 1156 00b8 03       		.uleb128 0x3
 1157 00b9 0E       		.uleb128 0xe
 1158 00ba 3A       		.uleb128 0x3a
 1159 00bb 0B       		.uleb128 0xb
 1160 00bc 3B       		.uleb128 0x3b
 1161 00bd 0B       		.uleb128 0xb
 1162 00be 49       		.uleb128 0x49
 1163 00bf 13       		.uleb128 0x13
 1164 00c0 38       		.uleb128 0x38
 1165 00c1 0A       		.uleb128 0xa
 1166 00c2 00       		.byte	0
 1167 00c3 00       		.byte	0
 1168 00c4 11       		.uleb128 0x11
ARM GAS  C:\Users\Mariano\AppData\Local\Temp\ccSwzN0K.s 			page 24


 1169 00c5 2E       		.uleb128 0x2e
 1170 00c6 01       		.byte	0x1
 1171 00c7 3F       		.uleb128 0x3f
 1172 00c8 0C       		.uleb128 0xc
 1173 00c9 03       		.uleb128 0x3
 1174 00ca 0E       		.uleb128 0xe
 1175 00cb 3A       		.uleb128 0x3a
 1176 00cc 0B       		.uleb128 0xb
 1177 00cd 3B       		.uleb128 0x3b
 1178 00ce 0B       		.uleb128 0xb
 1179 00cf 27       		.uleb128 0x27
 1180 00d0 0C       		.uleb128 0xc
 1181 00d1 49       		.uleb128 0x49
 1182 00d2 13       		.uleb128 0x13
 1183 00d3 11       		.uleb128 0x11
 1184 00d4 01       		.uleb128 0x1
 1185 00d5 12       		.uleb128 0x12
 1186 00d6 01       		.uleb128 0x1
 1187 00d7 40       		.uleb128 0x40
 1188 00d8 06       		.uleb128 0x6
 1189 00d9 9642     		.uleb128 0x2116
 1190 00db 0C       		.uleb128 0xc
 1191 00dc 01       		.uleb128 0x1
 1192 00dd 13       		.uleb128 0x13
 1193 00de 00       		.byte	0
 1194 00df 00       		.byte	0
 1195 00e0 12       		.uleb128 0x12
 1196 00e1 34       		.uleb128 0x34
 1197 00e2 00       		.byte	0
 1198 00e3 03       		.uleb128 0x3
 1199 00e4 08       		.uleb128 0x8
 1200 00e5 3A       		.uleb128 0x3a
 1201 00e6 0B       		.uleb128 0xb
 1202 00e7 3B       		.uleb128 0x3b
 1203 00e8 0B       		.uleb128 0xb
 1204 00e9 49       		.uleb128 0x49
 1205 00ea 13       		.uleb128 0x13
 1206 00eb 02       		.uleb128 0x2
 1207 00ec 0A       		.uleb128 0xa
 1208 00ed 00       		.byte	0
 1209 00ee 00       		.byte	0
 1210 00ef 13       		.uleb128 0x13
 1211 00f0 34       		.uleb128 0x34
 1212 00f1 00       		.byte	0
 1213 00f2 03       		.uleb128 0x3
 1214 00f3 0E       		.uleb128 0xe
 1215 00f4 3A       		.uleb128 0x3a
 1216 00f5 0B       		.uleb128 0xb
 1217 00f6 3B       		.uleb128 0x3b
 1218 00f7 0B       		.uleb128 0xb
 1219 00f8 49       		.uleb128 0x49
 1220 00f9 13       		.uleb128 0x13
 1221 00fa 02       		.uleb128 0x2
 1222 00fb 0A       		.uleb128 0xa
 1223 00fc 00       		.byte	0
 1224 00fd 00       		.byte	0
 1225 00fe 14       		.uleb128 0x14
ARM GAS  C:\Users\Mariano\AppData\Local\Temp\ccSwzN0K.s 			page 25


 1226 00ff 05       		.uleb128 0x5
 1227 0100 00       		.byte	0
 1228 0101 03       		.uleb128 0x3
 1229 0102 0E       		.uleb128 0xe
 1230 0103 3A       		.uleb128 0x3a
 1231 0104 0B       		.uleb128 0xb
 1232 0105 3B       		.uleb128 0x3b
 1233 0106 0B       		.uleb128 0xb
 1234 0107 49       		.uleb128 0x49
 1235 0108 13       		.uleb128 0x13
 1236 0109 02       		.uleb128 0x2
 1237 010a 0A       		.uleb128 0xa
 1238 010b 00       		.byte	0
 1239 010c 00       		.byte	0
 1240 010d 15       		.uleb128 0x15
 1241 010e 2E       		.uleb128 0x2e
 1242 010f 01       		.byte	0x1
 1243 0110 3F       		.uleb128 0x3f
 1244 0111 0C       		.uleb128 0xc
 1245 0112 03       		.uleb128 0x3
 1246 0113 0E       		.uleb128 0xe
 1247 0114 3A       		.uleb128 0x3a
 1248 0115 0B       		.uleb128 0xb
 1249 0116 3B       		.uleb128 0x3b
 1250 0117 0B       		.uleb128 0xb
 1251 0118 27       		.uleb128 0x27
 1252 0119 0C       		.uleb128 0xc
 1253 011a 11       		.uleb128 0x11
 1254 011b 01       		.uleb128 0x1
 1255 011c 12       		.uleb128 0x12
 1256 011d 01       		.uleb128 0x1
 1257 011e 40       		.uleb128 0x40
 1258 011f 06       		.uleb128 0x6
 1259 0120 9742     		.uleb128 0x2117
 1260 0122 0C       		.uleb128 0xc
 1261 0123 01       		.uleb128 0x1
 1262 0124 13       		.uleb128 0x13
 1263 0125 00       		.byte	0
 1264 0126 00       		.byte	0
 1265 0127 16       		.uleb128 0x16
 1266 0128 2E       		.uleb128 0x2e
 1267 0129 01       		.byte	0x1
 1268 012a 3F       		.uleb128 0x3f
 1269 012b 0C       		.uleb128 0xc
 1270 012c 03       		.uleb128 0x3
 1271 012d 0E       		.uleb128 0xe
 1272 012e 3A       		.uleb128 0x3a
 1273 012f 0B       		.uleb128 0xb
 1274 0130 3B       		.uleb128 0x3b
 1275 0131 0B       		.uleb128 0xb
 1276 0132 27       		.uleb128 0x27
 1277 0133 0C       		.uleb128 0xc
 1278 0134 49       		.uleb128 0x49
 1279 0135 13       		.uleb128 0x13
 1280 0136 11       		.uleb128 0x11
 1281 0137 01       		.uleb128 0x1
 1282 0138 12       		.uleb128 0x12
ARM GAS  C:\Users\Mariano\AppData\Local\Temp\ccSwzN0K.s 			page 26


 1283 0139 01       		.uleb128 0x1
 1284 013a 40       		.uleb128 0x40
 1285 013b 06       		.uleb128 0x6
 1286 013c 9742     		.uleb128 0x2117
 1287 013e 0C       		.uleb128 0xc
 1288 013f 01       		.uleb128 0x1
 1289 0140 13       		.uleb128 0x13
 1290 0141 00       		.byte	0
 1291 0142 00       		.byte	0
 1292 0143 17       		.uleb128 0x17
 1293 0144 2E       		.uleb128 0x2e
 1294 0145 01       		.byte	0x1
 1295 0146 3F       		.uleb128 0x3f
 1296 0147 0C       		.uleb128 0xc
 1297 0148 03       		.uleb128 0x3
 1298 0149 0E       		.uleb128 0xe
 1299 014a 3A       		.uleb128 0x3a
 1300 014b 0B       		.uleb128 0xb
 1301 014c 3B       		.uleb128 0x3b
 1302 014d 0B       		.uleb128 0xb
 1303 014e 27       		.uleb128 0x27
 1304 014f 0C       		.uleb128 0xc
 1305 0150 49       		.uleb128 0x49
 1306 0151 13       		.uleb128 0x13
 1307 0152 11       		.uleb128 0x11
 1308 0153 01       		.uleb128 0x1
 1309 0154 12       		.uleb128 0x12
 1310 0155 01       		.uleb128 0x1
 1311 0156 40       		.uleb128 0x40
 1312 0157 06       		.uleb128 0x6
 1313 0158 9742     		.uleb128 0x2117
 1314 015a 0C       		.uleb128 0xc
 1315 015b 00       		.byte	0
 1316 015c 00       		.byte	0
 1317 015d 00       		.byte	0
 1318              		.section	.debug_loc,"",%progbits
 1319              	.Ldebug_loc0:
 1320              	.LLST0:
 1321 0000 00000000 		.4byte	.LFB20
 1322 0004 02000000 		.4byte	.LCFI0
 1323 0008 0200     		.2byte	0x2
 1324 000a 7D       		.byte	0x7d
 1325 000b 00       		.sleb128 0
 1326 000c 02000000 		.4byte	.LCFI0
 1327 0010 04000000 		.4byte	.LCFI1
 1328 0014 0200     		.2byte	0x2
 1329 0016 7D       		.byte	0x7d
 1330 0017 04       		.sleb128 4
 1331 0018 04000000 		.4byte	.LCFI1
 1332 001c A0000000 		.4byte	.LFE20
 1333 0020 0200     		.2byte	0x2
 1334 0022 7D       		.byte	0x7d
 1335 0023 28       		.sleb128 40
 1336 0024 00000000 		.4byte	0
 1337 0028 00000000 		.4byte	0
 1338              	.LLST1:
 1339 002c 00000000 		.4byte	.LFB21
ARM GAS  C:\Users\Mariano\AppData\Local\Temp\ccSwzN0K.s 			page 27


 1340 0030 02000000 		.4byte	.LCFI2
 1341 0034 0200     		.2byte	0x2
 1342 0036 7D       		.byte	0x7d
 1343 0037 00       		.sleb128 0
 1344 0038 02000000 		.4byte	.LCFI2
 1345 003c 04000000 		.4byte	.LCFI3
 1346 0040 0200     		.2byte	0x2
 1347 0042 7D       		.byte	0x7d
 1348 0043 04       		.sleb128 4
 1349 0044 04000000 		.4byte	.LCFI3
 1350 0048 54000000 		.4byte	.LFE21
 1351 004c 0200     		.2byte	0x2
 1352 004e 7D       		.byte	0x7d
 1353 004f 18       		.sleb128 24
 1354 0050 00000000 		.4byte	0
 1355 0054 00000000 		.4byte	0
 1356              	.LLST2:
 1357 0058 00000000 		.4byte	.LFB22
 1358 005c 02000000 		.4byte	.LCFI4
 1359 0060 0200     		.2byte	0x2
 1360 0062 7D       		.byte	0x7d
 1361 0063 00       		.sleb128 0
 1362 0064 02000000 		.4byte	.LCFI4
 1363 0068 24000000 		.4byte	.LFE22
 1364 006c 0200     		.2byte	0x2
 1365 006e 7D       		.byte	0x7d
 1366 006f 08       		.sleb128 8
 1367 0070 00000000 		.4byte	0
 1368 0074 00000000 		.4byte	0
 1369              	.LLST3:
 1370 0078 00000000 		.4byte	.LFB23
 1371 007c 02000000 		.4byte	.LCFI5
 1372 0080 0200     		.2byte	0x2
 1373 0082 7D       		.byte	0x7d
 1374 0083 00       		.sleb128 0
 1375 0084 02000000 		.4byte	.LCFI5
 1376 0088 34000000 		.4byte	.LFE23
 1377 008c 0200     		.2byte	0x2
 1378 008e 7D       		.byte	0x7d
 1379 008f 08       		.sleb128 8
 1380 0090 00000000 		.4byte	0
 1381 0094 00000000 		.4byte	0
 1382              	.LLST4:
 1383 0098 00000000 		.4byte	.LFB24
 1384 009c 02000000 		.4byte	.LCFI6
 1385 00a0 0200     		.2byte	0x2
 1386 00a2 7D       		.byte	0x7d
 1387 00a3 00       		.sleb128 0
 1388 00a4 02000000 		.4byte	.LCFI6
 1389 00a8 94000000 		.4byte	.LFE24
 1390 00ac 0200     		.2byte	0x2
 1391 00ae 7D       		.byte	0x7d
 1392 00af 08       		.sleb128 8
 1393 00b0 00000000 		.4byte	0
 1394 00b4 00000000 		.4byte	0
 1395              		.section	.debug_aranges,"",%progbits
 1396 0000 3C000000 		.4byte	0x3c
ARM GAS  C:\Users\Mariano\AppData\Local\Temp\ccSwzN0K.s 			page 28


 1397 0004 0200     		.2byte	0x2
 1398 0006 00000000 		.4byte	.Ldebug_info0
 1399 000a 04       		.byte	0x4
 1400 000b 00       		.byte	0
 1401 000c 0000     		.2byte	0
 1402 000e 0000     		.2byte	0
 1403 0010 00000000 		.4byte	.LFB20
 1404 0014 A0000000 		.4byte	.LFE20-.LFB20
 1405 0018 00000000 		.4byte	.LFB21
 1406 001c 54000000 		.4byte	.LFE21-.LFB21
 1407 0020 00000000 		.4byte	.LFB22
 1408 0024 24000000 		.4byte	.LFE22-.LFB22
 1409 0028 00000000 		.4byte	.LFB23
 1410 002c 34000000 		.4byte	.LFE23-.LFB23
 1411 0030 00000000 		.4byte	.LFB24
 1412 0034 94000000 		.4byte	.LFE24-.LFB24
 1413 0038 00000000 		.4byte	0
 1414 003c 00000000 		.4byte	0
 1415              		.section	.debug_ranges,"",%progbits
 1416              	.Ldebug_ranges0:
 1417 0000 00000000 		.4byte	.LFB20
 1418 0004 A0000000 		.4byte	.LFE20
 1419 0008 00000000 		.4byte	.LFB21
 1420 000c 54000000 		.4byte	.LFE21
 1421 0010 00000000 		.4byte	.LFB22
 1422 0014 24000000 		.4byte	.LFE22
 1423 0018 00000000 		.4byte	.LFB23
 1424 001c 34000000 		.4byte	.LFE23
 1425 0020 00000000 		.4byte	.LFB24
 1426 0024 94000000 		.4byte	.LFE24
 1427 0028 00000000 		.4byte	0
 1428 002c 00000000 		.4byte	0
 1429              		.section	.debug_line,"",%progbits
 1430              	.Ldebug_line0:
 1431 0000 CD010000 		.section	.debug_str,"MS",%progbits,1
 1431      02002601 
 1431      00000201 
 1431      FB0E0D00 
 1431      01010101 
 1432              	.LASF51:
 1433 0000 2E5C7372 		.ascii	".\\src\\adc.c\000"
 1433      635C6164 
 1433      632E6300 
 1434              	.LASF38:
 1435 000c 4144435F 		.ascii	"ADC_ExternalTrigConv\000"
 1435      45787465 
 1435      726E616C 
 1435      54726967 
 1435      436F6E76 
 1436              	.LASF13:
 1437 0021 44495341 		.ascii	"DISABLE\000"
 1437      424C4500 
 1438              	.LASF9:
 1439 0029 6C6F6E67 		.ascii	"long long unsigned int\000"
 1439      206C6F6E 
 1439      6720756E 
 1439      7369676E 
ARM GAS  C:\Users\Mariano\AppData\Local\Temp\ccSwzN0K.s 			page 29


 1439      65642069 
 1440              	.LASF18:
 1441 0040 534D5052 		.ascii	"SMPR\000"
 1441      00
 1442              	.LASF8:
 1443 0045 6C6F6E67 		.ascii	"long long int\000"
 1443      206C6F6E 
 1443      6720696E 
 1443      7400
 1444              	.LASF0:
 1445 0053 7369676E 		.ascii	"signed char\000"
 1445      65642063 
 1445      68617200 
 1446              	.LASF45:
 1447 005f 746D7072 		.ascii	"tmpreg\000"
 1447      656700
 1448              	.LASF43:
 1449 0066 4144435F 		.ascii	"ADC_Conf\000"
 1449      436F6E66 
 1449      00
 1450              	.LASF36:
 1451 006f 4144435F 		.ascii	"ADC_ContinuousConvMode\000"
 1451      436F6E74 
 1451      696E756F 
 1451      7573436F 
 1451      6E764D6F 
 1452              	.LASF4:
 1453 0086 6C6F6E67 		.ascii	"long int\000"
 1453      20696E74 
 1453      00
 1454              	.LASF26:
 1455 008f 41504232 		.ascii	"APB2RSTR\000"
 1455      52535452 
 1455      00
 1456              	.LASF52:
 1457 0098 433A5C55 		.ascii	"C:\\Users\\Mariano\\Documents\\Proyectos\\eclipse_s"
 1457      73657273 
 1457      5C4D6172 
 1457      69616E6F 
 1457      5C446F63 
 1458 00c6 746D3332 		.ascii	"tm32\\Planolux_DMX512_P1\000"
 1458      5C506C61 
 1458      6E6F6C75 
 1458      785F444D 
 1458      58353132 
 1459              	.LASF14:
 1460 00de 454E4142 		.ascii	"ENABLE\000"
 1460      4C4500
 1461              	.LASF5:
 1462 00e5 75696E74 		.ascii	"uint16_t\000"
 1462      31365F74 
 1462      00
 1463              	.LASF24:
 1464 00ee 4144435F 		.ascii	"ADC_TypeDef\000"
 1464      54797065 
 1464      44656600 
 1465              	.LASF44:
ARM GAS  C:\Users\Mariano\AppData\Local\Temp\ccSwzN0K.s 			page 30


 1466 00fa 52656164 		.ascii	"ReadADC1\000"
 1466      41444331 
 1466      00
 1467              	.LASF10:
 1468 0103 756E7369 		.ascii	"unsigned int\000"
 1468      676E6564 
 1468      20696E74 
 1468      00
 1469              	.LASF7:
 1470 0110 6C6F6E67 		.ascii	"long unsigned int\000"
 1470      20756E73 
 1470      69676E65 
 1470      6420696E 
 1470      7400
 1471              	.LASF34:
 1472 0122 5243435F 		.ascii	"RCC_TypeDef\000"
 1472      54797065 
 1472      44656600 
 1473              	.LASF3:
 1474 012e 73686F72 		.ascii	"short unsigned int\000"
 1474      7420756E 
 1474      7369676E 
 1474      65642069 
 1474      6E7400
 1475              	.LASF22:
 1476 0141 43485345 		.ascii	"CHSELR\000"
 1476      4C5200
 1477              	.LASF50:
 1478 0148 474E5520 		.ascii	"GNU C 4.7.4 20130613 (release) [ARM/embedded-4_7-br"
 1478      4320342E 
 1478      372E3420 
 1478      32303133 
 1478      30363133 
 1479 017b 616E6368 		.ascii	"anch revision 200083]\000"
 1479      20726576 
 1479      6973696F 
 1479      6E203230 
 1479      30303833 
 1480              	.LASF11:
 1481 0191 73697A65 		.ascii	"sizetype\000"
 1481      74797065 
 1481      00
 1482              	.LASF42:
 1483 019a 4144435F 		.ascii	"ADC_InitStructure\000"
 1483      496E6974 
 1483      53747275 
 1483      63747572 
 1483      6500
 1484              	.LASF48:
 1485 01ac 53657441 		.ascii	"SetADC1_SampleTime\000"
 1485      4443315F 
 1485      53616D70 
 1485      6C655469 
 1485      6D6500
 1486              	.LASF15:
 1487 01bf 46756E63 		.ascii	"FunctionalState\000"
 1487      74696F6E 
ARM GAS  C:\Users\Mariano\AppData\Local\Temp\ccSwzN0K.s 			page 31


 1487      616C5374 
 1487      61746500 
 1488              	.LASF32:
 1489 01cf 41484252 		.ascii	"AHBRSTR\000"
 1489      53545200 
 1490              	.LASF27:
 1491 01d7 41504231 		.ascii	"APB1RSTR\000"
 1491      52535452 
 1491      00
 1492              	.LASF40:
 1493 01e0 4144435F 		.ascii	"ADC_ScanDirection\000"
 1493      5363616E 
 1493      44697265 
 1493      6374696F 
 1493      6E00
 1494              	.LASF19:
 1495 01f2 52455345 		.ascii	"RESERVED1\000"
 1495      52564544 
 1495      3100
 1496              	.LASF20:
 1497 01fc 52455345 		.ascii	"RESERVED2\000"
 1497      52564544 
 1497      3200
 1498              	.LASF21:
 1499 0206 52455345 		.ascii	"RESERVED3\000"
 1499      52564544 
 1499      3300
 1500              	.LASF23:
 1501 0210 52455345 		.ascii	"RESERVED4\000"
 1501      52564544 
 1501      3400
 1502              	.LASF12:
 1503 021a 52455345 		.ascii	"RESET\000"
 1503      5400
 1504              	.LASF1:
 1505 0220 756E7369 		.ascii	"unsigned char\000"
 1505      676E6564 
 1505      20636861 
 1505      7200
 1506              	.LASF2:
 1507 022e 73686F72 		.ascii	"short int\000"
 1507      7420696E 
 1507      7400
 1508              	.LASF37:
 1509 0238 4144435F 		.ascii	"ADC_ExternalTrigConvEdge\000"
 1509      45787465 
 1509      726E616C 
 1509      54726967 
 1509      436F6E76 
 1510              	.LASF49:
 1511 0251 52656164 		.ascii	"ReadADC1Check\000"
 1511      41444331 
 1511      43686563 
 1511      6B00
 1512              	.LASF29:
 1513 025f 41504232 		.ascii	"APB2ENR\000"
 1513      454E5200 
ARM GAS  C:\Users\Mariano\AppData\Local\Temp\ccSwzN0K.s 			page 32


 1514              	.LASF47:
 1515 0267 6368616E 		.ascii	"channel\000"
 1515      6E656C00 
 1516              	.LASF41:
 1517 026f 4144435F 		.ascii	"ADC_InitTypeDef\000"
 1517      496E6974 
 1517      54797065 
 1517      44656600 
 1518              	.LASF6:
 1519 027f 75696E74 		.ascii	"uint32_t\000"
 1519      33325F74 
 1519      00
 1520              	.LASF39:
 1521 0288 4144435F 		.ascii	"ADC_DataAlign\000"
 1521      44617461 
 1521      416C6967 
 1521      6E00
 1522              	.LASF46:
 1523 0296 52656164 		.ascii	"ReadADC1_SameSampleTime\000"
 1523      41444331 
 1523      5F53616D 
 1523      6553616D 
 1523      706C6554 
 1524              	.LASF30:
 1525 02ae 41504231 		.ascii	"APB1ENR\000"
 1525      454E5200 
 1526              	.LASF31:
 1527 02b6 42444352 		.ascii	"BDCR\000"
 1527      00
 1528              	.LASF16:
 1529 02bb 43464752 		.ascii	"CFGR1\000"
 1529      3100
 1530              	.LASF17:
 1531 02c1 43464752 		.ascii	"CFGR2\000"
 1531      3200
 1532              	.LASF33:
 1533 02c7 43464752 		.ascii	"CFGR3\000"
 1533      3300
 1534              	.LASF25:
 1535 02cd 43464752 		.ascii	"CFGR\000"
 1535      00
 1536              	.LASF35:
 1537 02d2 4144435F 		.ascii	"ADC_Resolution\000"
 1537      5265736F 
 1537      6C757469 
 1537      6F6E00
 1538              	.LASF28:
 1539 02e1 41484245 		.ascii	"AHBENR\000"
 1539      4E5200
 1540              		.ident	"GCC: (GNU Tools for ARM Embedded Processors) 4.7.4 20130613 (release) [ARM/embedded-4_7-br
ARM GAS  C:\Users\Mariano\AppData\Local\Temp\ccSwzN0K.s 			page 33


DEFINED SYMBOLS
                            *ABS*:00000000 adc.c
C:\Users\Mariano\AppData\Local\Temp\ccSwzN0K.s:50     .text.ADC_Conf:00000000 $t
C:\Users\Mariano\AppData\Local\Temp\ccSwzN0K.s:55     .text.ADC_Conf:00000000 ADC_Conf
C:\Users\Mariano\AppData\Local\Temp\ccSwzN0K.s:238    .text.SetADC1_SampleTime:00000000 SetADC1_SampleTime
C:\Users\Mariano\AppData\Local\Temp\ccSwzN0K.s:156    .text.ADC_Conf:00000098 $d
C:\Users\Mariano\AppData\Local\Temp\ccSwzN0K.s:162    .text.ReadADC1:00000000 $t
C:\Users\Mariano\AppData\Local\Temp\ccSwzN0K.s:167    .text.ReadADC1:00000000 ReadADC1
C:\Users\Mariano\AppData\Local\Temp\ccSwzN0K.s:228    .text.ReadADC1:00000050 $d
C:\Users\Mariano\AppData\Local\Temp\ccSwzN0K.s:233    .text.SetADC1_SampleTime:00000000 $t
C:\Users\Mariano\AppData\Local\Temp\ccSwzN0K.s:269    .text.SetADC1_SampleTime:00000020 $d
C:\Users\Mariano\AppData\Local\Temp\ccSwzN0K.s:274    .text.ReadADC1_SameSampleTime:00000000 $t
C:\Users\Mariano\AppData\Local\Temp\ccSwzN0K.s:279    .text.ReadADC1_SameSampleTime:00000000 ReadADC1_SameSampleTime
C:\Users\Mariano\AppData\Local\Temp\ccSwzN0K.s:319    .text.ReadADC1_SameSampleTime:00000030 $d
C:\Users\Mariano\AppData\Local\Temp\ccSwzN0K.s:324    .text.ReadADC1Check:00000000 $t
C:\Users\Mariano\AppData\Local\Temp\ccSwzN0K.s:329    .text.ReadADC1Check:00000000 ReadADC1Check
C:\Users\Mariano\AppData\Local\Temp\ccSwzN0K.s:436    .text.ReadADC1Check:0000008c $d
                     .debug_frame:00000010 $d

UNDEFINED SYMBOLS
ADC_ClockModeConfig
ADC_DeInit
ADC_StructInit
ADC_Init
ADC_GetCalibrationFactor
ADC_Cmd
ADC_StartOfConversion
ADC_GetFlagStatus
ADC_GetConversionValue
